  [1m[36mSQL (0.3ms)[0m  [1mSHOW TABLES[0m
  [1m[35mSQL (5.0ms)[0m  CREATE TABLE `schema_migrations` (`version` varchar(255) NOT NULL) ENGINE=InnoDB
  [1m[36mSQL (0.3ms)[0m  [1mSHOW KEYS FROM `schema_migrations`[0m
  [1m[35mSQL (4.4ms)[0m  CREATE UNIQUE INDEX `unique_schema_migrations` ON `schema_migrations` (`version`)
  [1m[36mSQL (0.2ms)[0m  [1mSHOW TABLES[0m
  [1m[35mSQL (0.1ms)[0m  SHOW TABLES
  [1m[36mSQL (0.2ms)[0m  [1mSELECT `schema_migrations`.`version` FROM `schema_migrations`[0m
Migrating to CreateLocations (20110415154337)
  [1m[35mSQL (3.8ms)[0m  CREATE TABLE `locations` (`id` int(11) DEFAULT NULL auto_increment PRIMARY KEY, `name` varchar(255), `address` varchar(255), `longitude` float, `latitude` float, `created_at` datetime, `updated_at` datetime) ENGINE=InnoDB
  [1m[36mSQL (0.4ms)[0m  [1mINSERT INTO `schema_migrations` (`version`) VALUES ('20110415154337')[0m
  [1m[35mSQL (0.3ms)[0m  SHOW TABLES
  [1m[36mSQL (0.2ms)[0m  [1mSELECT `schema_migrations`.`version` FROM `schema_migrations`[0m
  [1m[35mSQL (0.2ms)[0m  SHOW TABLES
  [1m[36mSQL (0.7ms)[0m  [1mdescribe `locations`[0m
  [1m[35mSQL (0.3ms)[0m  SHOW KEYS FROM `locations`


Started GET "/locations" for 127.0.0.1 at Fri Apr 15 21:22:58 +0530 2011
  Processing by LocationsController#index as HTML
  [1m[36mLocation Load (0.4ms)[0m  [1mSELECT `locations`.* FROM `locations`[0m
  [1m[35mCACHE (0.0ms)[0m  SELECT `locations`.* FROM `locations`
Rendered /usr/lib/ruby/gems/1.8/gems/gmaps4rails-0.7.5/app/views/gmaps4rails/_gmaps4rails.html.erb (1.7ms)
Rendered locations/index.html.erb within layouts/application (6.6ms)
Completed 200 OK in 38ms (Views: 11.7ms | ActiveRecord: 0.4ms)


Started GET "/stylesheets/gmaps4rails.css" for 127.0.0.1 at Fri Apr 15 21:22:59 +0530 2011


Started GET "/javascripts/gmaps4rails.js" for 127.0.0.1 at Fri Apr 15 21:22:59 +0530 2011


Started GET "/locations/new" for 127.0.0.1 at Fri Apr 15 21:23:12 +0530 2011
  Processing by LocationsController#new as HTML
Rendered locations/_form.html.erb (55.6ms)
Rendered locations/new.html.erb within layouts/application (61.1ms)
Completed 200 OK in 72ms (Views: 66.3ms | ActiveRecord: 0.0ms)


Started POST "/locations" for 127.0.0.1 at Fri Apr 15 21:23:27 +0530 2011
  Processing by LocationsController#create as HTML
  Parameters: {"commit"=>"Create Location", "location"=>{"name"=>"Rajkumar.S", "address"=>"Kanchipuram", "latitude"=>"", "longitude"=>""}, "authenticity_token"=>"nzwIjF/iSPQK7hItHtXVecJvTzuBpqCxiizsJ54Gin0=", "utf8"=>"\342\234\223"}
  [1m[36mSQL (0.1ms)[0m  [1mBEGIN[0m
  [1m[35mSQL (0.5ms)[0m  SHOW TABLES
  [1m[36mSQL (0.9ms)[0m  [1mdescribe `locations`[0m
  [1m[35mAREL (0.3ms)[0m  INSERT INTO `locations` (`created_at`, `address`, `updated_at`, `latitude`, `name`, `longitude`) VALUES ('2011-04-15 15:53:28', 'Kanchipuram', '2011-04-15 15:53:28', 12.8341735, 'Rajkumar.S', 79.7036402)
  [1m[36mSQL (1.7ms)[0m  [1mCOMMIT[0m
Redirected to http://localhost:3000/locations/1
Completed 302 Found in 764ms


Started GET "/locations/1" for 127.0.0.1 at Fri Apr 15 21:23:28 +0530 2011
  Processing by LocationsController#show as HTML
  Parameters: {"id"=>"1"}
  [1m[35mLocation Load (0.2ms)[0m  SELECT `locations`.* FROM `locations` WHERE `locations`.`id` = 1 LIMIT 1
Rendered locations/show.html.erb within layouts/application (7.5ms)
Completed 200 OK in 22ms (Views: 12.8ms | ActiveRecord: 0.2ms)


Started GET "/locations" for 127.0.0.1 at Fri Apr 15 21:23:30 +0530 2011
  Processing by LocationsController#index as HTML
  [1m[36mLocation Load (0.3ms)[0m  [1mSELECT `locations`.* FROM `locations`[0m
  [1m[35mCACHE (0.0ms)[0m  SELECT `locations`.* FROM `locations`
Rendered /usr/lib/ruby/gems/1.8/gems/gmaps4rails-0.7.5/app/views/gmaps4rails/_gmaps4rails.html.erb (1.9ms)
Rendered locations/index.html.erb within layouts/application (12.2ms)
Completed 200 OK in 25ms (Views: 17.7ms | ActiveRecord: 0.3ms)


Started GET "/locations/new" for 127.0.0.1 at Fri Apr 15 21:23:38 +0530 2011
  Processing by LocationsController#new as HTML
Rendered locations/_form.html.erb (7.7ms)
Rendered locations/new.html.erb within layouts/application (11.6ms)
Completed 200 OK in 22ms (Views: 16.5ms | ActiveRecord: 0.0ms)


Started POST "/locations" for 127.0.0.1 at Fri Apr 15 21:24:05 +0530 2011
  Processing by LocationsController#create as HTML
  Parameters: {"commit"=>"Create Location", "location"=>{"name"=>"Logeshprabu", "address"=>"Ooty", "latitude"=>"", "longitude"=>""}, "authenticity_token"=>"nzwIjF/iSPQK7hItHtXVecJvTzuBpqCxiizsJ54Gin0=", "utf8"=>"\342\234\223"}
  [1m[36mSQL (0.1ms)[0m  [1mBEGIN[0m
  [1m[35mSQL (0.7ms)[0m  describe `locations`
  [1m[36mAREL (0.3ms)[0m  [1mINSERT INTO `locations` (`name`, `updated_at`, `latitude`, `created_at`, `longitude`, `address`) VALUES ('Logeshprabu', '2011-04-15 15:54:06', 11.411828, '2011-04-15 15:54:06', 76.695356, 'Ooty')[0m
  [1m[35mSQL (1.7ms)[0m  COMMIT
Redirected to http://localhost:3000/locations/2
Completed 302 Found in 699ms


Started GET "/locations/2" for 127.0.0.1 at Fri Apr 15 21:24:06 +0530 2011
  Processing by LocationsController#show as HTML
  Parameters: {"id"=>"2"}
  [1m[36mLocation Load (0.3ms)[0m  [1mSELECT `locations`.* FROM `locations` WHERE `locations`.`id` = 2 LIMIT 1[0m
Rendered locations/show.html.erb within layouts/application (6.8ms)
Completed 200 OK in 18ms (Views: 11.3ms | ActiveRecord: 0.3ms)


Started GET "/locations" for 127.0.0.1 at Fri Apr 15 21:24:08 +0530 2011
  Processing by LocationsController#index as HTML
  [1m[35mLocation Load (0.4ms)[0m  SELECT `locations`.* FROM `locations`
  [1m[36mCACHE (0.0ms)[0m  [1mSELECT `locations`.* FROM `locations`[0m
Rendered /usr/lib/ruby/gems/1.8/gems/gmaps4rails-0.7.5/app/views/gmaps4rails/_gmaps4rails.html.erb (68.4ms)
Rendered locations/index.html.erb within layouts/application (79.6ms)
Completed 200 OK in 91ms (Views: 84.6ms | ActiveRecord: 0.4ms)


Started GET "/locations/new" for 127.0.0.1 at Fri Apr 15 21:24:17 +0530 2011
  Processing by LocationsController#new as HTML
Rendered locations/_form.html.erb (8.1ms)
Rendered locations/new.html.erb within layouts/application (11.7ms)
Completed 200 OK in 24ms (Views: 17.1ms | ActiveRecord: 0.0ms)


Started POST "/locations" for 127.0.0.1 at Fri Apr 15 21:24:31 +0530 2011
  Processing by LocationsController#create as HTML
  Parameters: {"commit"=>"Create Location", "location"=>{"name"=>"Sathish", "address"=>"Chennai", "latitude"=>"", "longitude"=>""}, "authenticity_token"=>"nzwIjF/iSPQK7hItHtXVecJvTzuBpqCxiizsJ54Gin0=", "utf8"=>"\342\234\223"}
  [1m[35mSQL (0.1ms)[0m  BEGIN
  [1m[36mSQL (0.5ms)[0m  [1mdescribe `locations`[0m
  [1m[35mAREL (0.2ms)[0m  INSERT INTO `locations` (`updated_at`, `longitude`, `latitude`, `created_at`, `name`, `address`) VALUES ('2011-04-15 15:54:32', 80.249583, 13.060422, '2011-04-15 15:54:32', 'Sathish', 'Chennai')
  [1m[36mSQL (1.9ms)[0m  [1mCOMMIT[0m
Redirected to http://localhost:3000/locations/3
Completed 302 Found in 723ms


Started GET "/locations/3" for 127.0.0.1 at Fri Apr 15 21:24:32 +0530 2011
  Processing by LocationsController#show as HTML
  Parameters: {"id"=>"3"}
  [1m[35mLocation Load (0.3ms)[0m  SELECT `locations`.* FROM `locations` WHERE `locations`.`id` = 3 LIMIT 1
Rendered locations/show.html.erb within layouts/application (7.2ms)
Completed 200 OK in 19ms (Views: 12.3ms | ActiveRecord: 0.3ms)


Started GET "/locations" for 127.0.0.1 at Fri Apr 15 21:24:34 +0530 2011
  Processing by LocationsController#index as HTML
  [1m[36mLocation Load (0.4ms)[0m  [1mSELECT `locations`.* FROM `locations`[0m
  [1m[35mCACHE (0.0ms)[0m  SELECT `locations`.* FROM `locations`
Rendered /usr/lib/ruby/gems/1.8/gems/gmaps4rails-0.7.5/app/views/gmaps4rails/_gmaps4rails.html.erb (1.7ms)
Rendered locations/index.html.erb within layouts/application (13.4ms)
Completed 200 OK in 25ms (Views: 17.9ms | ActiveRecord: 0.4ms)


Started GET "/locations/new" for 127.0.0.1 at Fri Apr 15 21:24:42 +0530 2011
  Processing by LocationsController#new as HTML
Rendered locations/_form.html.erb (7.8ms)
Rendered locations/new.html.erb within layouts/application (80.7ms)
Completed 200 OK in 91ms (Views: 85.4ms | ActiveRecord: 0.0ms)


Started POST "/locations" for 127.0.0.1 at Fri Apr 15 21:24:56 +0530 2011
  Processing by LocationsController#create as HTML
  Parameters: {"commit"=>"Create Location", "location"=>{"name"=>"Sanmugam", "address"=>"nammakal", "latitude"=>"", "longitude"=>""}, "authenticity_token"=>"nzwIjF/iSPQK7hItHtXVecJvTzuBpqCxiizsJ54Gin0=", "utf8"=>"\342\234\223"}
  [1m[36mSQL (0.1ms)[0m  [1mBEGIN[0m
  [1m[35mSQL (0.8ms)[0m  describe `locations`
  [1m[36mAREL (0.2ms)[0m  [1mINSERT INTO `locations` (`latitude`, `created_at`, `longitude`, `name`, `updated_at`, `address`) VALUES (11.2195098, '2011-04-15 15:54:57', 78.1677991, 'Sanmugam', '2011-04-15 15:54:57', 'nammakal')[0m
  [1m[35mSQL (2.3ms)[0m  COMMIT
Redirected to http://localhost:3000/locations/4
Completed 302 Found in 640ms


Started GET "/locations/4" for 127.0.0.1 at Fri Apr 15 21:24:57 +0530 2011
  Processing by LocationsController#show as HTML
  Parameters: {"id"=>"4"}
  [1m[36mLocation Load (0.2ms)[0m  [1mSELECT `locations`.* FROM `locations` WHERE `locations`.`id` = 4 LIMIT 1[0m
Rendered locations/show.html.erb within layouts/application (7.2ms)
Completed 200 OK in 20ms (Views: 12.3ms | ActiveRecord: 0.2ms)


Started GET "/locations" for 127.0.0.1 at Fri Apr 15 21:24:58 +0530 2011
  Processing by LocationsController#index as HTML
  [1m[35mLocation Load (0.4ms)[0m  SELECT `locations`.* FROM `locations`
  [1m[36mCACHE (0.0ms)[0m  [1mSELECT `locations`.* FROM `locations`[0m
Rendered /usr/lib/ruby/gems/1.8/gems/gmaps4rails-0.7.5/app/views/gmaps4rails/_gmaps4rails.html.erb (1.6ms)
Rendered locations/index.html.erb within layouts/application (15.2ms)
Completed 200 OK in 27ms (Views: 19.7ms | ActiveRecord: 0.4ms)


Started GET "/locations/new" for 127.0.0.1 at Fri Apr 15 21:25:21 +0530 2011
  Processing by LocationsController#new as HTML
Rendered locations/_form.html.erb (7.9ms)
Rendered locations/new.html.erb within layouts/application (11.4ms)
Completed 200 OK in 22ms (Views: 16.4ms | ActiveRecord: 0.0ms)


Started POST "/locations" for 127.0.0.1 at Fri Apr 15 21:26:02 +0530 2011
  Processing by LocationsController#create as HTML
  Parameters: {"commit"=>"Create Location", "location"=>{"name"=>"Dhasthagheer", "address"=>"madurai", "latitude"=>"", "longitude"=>""}, "authenticity_token"=>"nzwIjF/iSPQK7hItHtXVecJvTzuBpqCxiizsJ54Gin0=", "utf8"=>"\342\234\223"}
  [1m[35mSQL (0.1ms)[0m  BEGIN
  [1m[36mSQL (0.5ms)[0m  [1mdescribe `locations`[0m
  [1m[35mAREL (0.3ms)[0m  INSERT INTO `locations` (`longitude`, `address`, `name`, `updated_at`, `latitude`, `created_at`) VALUES (78.121847, 'madurai', 'Dhasthagheer', '2011-04-15 15:56:03', 9.915997, '2011-04-15 15:56:03')
  [1m[36mSQL (2.5ms)[0m  [1mCOMMIT[0m
Redirected to http://localhost:3000/locations/5
Completed 302 Found in 654ms


Started GET "/locations/5" for 127.0.0.1 at Fri Apr 15 21:26:03 +0530 2011
  Processing by LocationsController#show as HTML
  Parameters: {"id"=>"5"}
  [1m[35mLocation Load (0.3ms)[0m  SELECT `locations`.* FROM `locations` WHERE `locations`.`id` = 5 LIMIT 1
Rendered locations/show.html.erb within layouts/application (7.7ms)
Completed 200 OK in 21ms (Views: 13.1ms | ActiveRecord: 0.3ms)


Started GET "/locations" for 127.0.0.1 at Fri Apr 15 21:26:05 +0530 2011
  Processing by LocationsController#index as HTML
  [1m[36mLocation Load (0.5ms)[0m  [1mSELECT `locations`.* FROM `locations`[0m
  [1m[35mCACHE (0.0ms)[0m  SELECT `locations`.* FROM `locations`
Rendered /usr/lib/ruby/gems/1.8/gems/gmaps4rails-0.7.5/app/views/gmaps4rails/_gmaps4rails.html.erb (1.7ms)
Rendered locations/index.html.erb within layouts/application (17.4ms)
Completed 200 OK in 30ms (Views: 21.9ms | ActiveRecord: 0.5ms)


Started GET "/locations/new" for 127.0.0.1 at Fri Apr 15 21:27:10 +0530 2011
  Processing by LocationsController#new as HTML
Rendered locations/_form.html.erb (8.1ms)
Rendered locations/new.html.erb within layouts/application (12.1ms)
Completed 200 OK in 22ms (Views: 16.7ms | ActiveRecord: 0.0ms)


Started GET "/locations" for 127.0.0.1 at Fri Apr 15 21:27:12 +0530 2011
  Processing by LocationsController#index as HTML
  [1m[36mLocation Load (0.1ms)[0m  [1mSELECT `locations`.* FROM `locations`[0m
  [1m[35mCACHE (0.0ms)[0m  SELECT `locations`.* FROM `locations`
Rendered /usr/lib/ruby/gems/1.8/gems/gmaps4rails-0.7.5/app/views/gmaps4rails/_gmaps4rails.html.erb (1.6ms)
Rendered locations/index.html.erb within layouts/application (16.4ms)
Completed 200 OK in 27ms (Views: 20.8ms | ActiveRecord: 0.1ms)


Started GET "/locations" for 127.0.0.1 at Fri Apr 15 21:27:13 +0530 2011
  Processing by LocationsController#index as HTML
  [1m[36mLocation Load (0.1ms)[0m  [1mSELECT `locations`.* FROM `locations`[0m
  [1m[35mCACHE (0.0ms)[0m  SELECT `locations`.* FROM `locations`
Rendered /usr/lib/ruby/gems/1.8/gems/gmaps4rails-0.7.5/app/views/gmaps4rails/_gmaps4rails.html.erb (2.0ms)
Rendered locations/index.html.erb within layouts/application (82.3ms)
Completed 200 OK in 94ms (Views: 86.8ms | ActiveRecord: 0.1ms)


Started GET "/stylesheets/gmaps4rails.css" for 127.0.0.1 at Fri Apr 15 21:27:13 +0530 2011


Started GET "/javascripts/gmaps4rails.js" for 127.0.0.1 at Fri Apr 15 21:27:13 +0530 2011


Started GET "/locations/new" for 127.0.0.1 at Fri Apr 15 21:27:16 +0530 2011
  Processing by LocationsController#new as HTML
Rendered locations/_form.html.erb (7.9ms)
Rendered locations/new.html.erb within layouts/application (11.5ms)
Completed 200 OK in 23ms (Views: 16.4ms | ActiveRecord: 0.0ms)


Started GET "/locations" for 127.0.0.1 at Fri Apr 15 21:27:18 +0530 2011
  Processing by LocationsController#index as HTML
  [1m[36mLocation Load (0.1ms)[0m  [1mSELECT `locations`.* FROM `locations`[0m
  [1m[35mCACHE (0.0ms)[0m  SELECT `locations`.* FROM `locations`
Rendered /usr/lib/ruby/gems/1.8/gems/gmaps4rails-0.7.5/app/views/gmaps4rails/_gmaps4rails.html.erb (1.7ms)
Rendered locations/index.html.erb within layouts/application (19.9ms)
Completed 200 OK in 32ms (Views: 24.7ms | ActiveRecord: 0.1ms)


Started GET "/locations" for 127.0.0.1 at Fri Apr 15 21:27:31 +0530 2011
  Processing by LocationsController#index as HTML
  [1m[36mLocation Load (0.1ms)[0m  [1mSELECT `locations`.* FROM `locations`[0m
  [1m[35mCACHE (0.0ms)[0m  SELECT `locations`.* FROM `locations`
Rendered /usr/lib/ruby/gems/1.8/gems/gmaps4rails-0.7.5/app/views/gmaps4rails/_gmaps4rails.html.erb (1.6ms)
Rendered locations/index.html.erb within layouts/application (17.1ms)
Completed 200 OK in 29ms (Views: 21.6ms | ActiveRecord: 0.1ms)


Started GET "/stylesheets/gmaps4rails.css" for 127.0.0.1 at Fri Apr 15 21:27:31 +0530 2011


Started GET "/javascripts/gmaps4rails.js" for 127.0.0.1 at Fri Apr 15 21:27:31 +0530 2011


Started GET "/locations/new" for 127.0.0.1 at Fri Apr 15 21:27:33 +0530 2011
  Processing by LocationsController#new as HTML
Rendered locations/_form.html.erb (7.3ms)
Rendered locations/new.html.erb within layouts/application (12.1ms)
Completed 200 OK in 90ms (Views: 18.1ms | ActiveRecord: 0.0ms)


Started POST "/locations" for 127.0.0.1 at Fri Apr 15 21:27:56 +0530 2011
  Processing by LocationsController#create as HTML
  Parameters: {"commit"=>"Create Location", "location"=>{"name"=>"Venkat", "address"=>"salem"}, "authenticity_token"=>"nzwIjF/iSPQK7hItHtXVecJvTzuBpqCxiizsJ54Gin0=", "utf8"=>"\342\234\223"}
  [1m[36mSQL (0.1ms)[0m  [1mBEGIN[0m
  [1m[35mSQL (0.4ms)[0m  describe `locations`
  [1m[36mAREL (0.4ms)[0m  [1mINSERT INTO `locations` (`longitude`, `name`, `latitude`, `created_at`, `updated_at`, `address`) VALUES (-123.0350963, 'Venkat', 44.9428975, '2011-04-15 15:57:57', '2011-04-15 15:57:57', 'salem')[0m
  [1m[35mSQL (2.0ms)[0m  COMMIT
Redirected to http://localhost:3000/locations/6
Completed 302 Found in 997ms


Started GET "/locations/6" for 127.0.0.1 at Fri Apr 15 21:27:57 +0530 2011
  Processing by LocationsController#show as HTML
  Parameters: {"id"=>"6"}
  [1m[36mLocation Load (0.2ms)[0m  [1mSELECT `locations`.* FROM `locations` WHERE `locations`.`id` = 6 LIMIT 1[0m
Rendered locations/show.html.erb within layouts/application (7.6ms)
Completed 200 OK in 21ms (Views: 13.3ms | ActiveRecord: 0.2ms)


Started GET "/locations" for 127.0.0.1 at Fri Apr 15 21:27:59 +0530 2011
  Processing by LocationsController#index as HTML
  [1m[35mLocation Load (0.3ms)[0m  SELECT `locations`.* FROM `locations`
  [1m[36mCACHE (0.0ms)[0m  [1mSELECT `locations`.* FROM `locations`[0m
Rendered /usr/lib/ruby/gems/1.8/gems/gmaps4rails-0.7.5/app/views/gmaps4rails/_gmaps4rails.html.erb (1.5ms)
Rendered locations/index.html.erb within layouts/application (16.9ms)
Completed 200 OK in 29ms (Views: 21.6ms | ActiveRecord: 0.3ms)


Started POST "/locations/6" for 127.0.0.1 at Fri Apr 15 21:28:06 +0530 2011
  Processing by LocationsController#destroy as HTML
  Parameters: {"authenticity_token"=>"nzwIjF/iSPQK7hItHtXVecJvTzuBpqCxiizsJ54Gin0=", "id"=>"6"}
  [1m[35mLocation Load (0.1ms)[0m  SELECT `locations`.* FROM `locations` WHERE `locations`.`id` = 6 LIMIT 1
  [1m[36mSQL (0.0ms)[0m  [1mBEGIN[0m
  [1m[35mAREL (0.3ms)[0m  DELETE FROM `locations` WHERE `locations`.`id` = 6
  [1m[36mSQL (1.8ms)[0m  [1mCOMMIT[0m
Redirected to http://localhost:3000/locations
Completed 302 Found in 14ms


Started GET "/locations" for 127.0.0.1 at Fri Apr 15 21:28:06 +0530 2011
  Processing by LocationsController#index as HTML
  [1m[35mLocation Load (0.3ms)[0m  SELECT `locations`.* FROM `locations`
  [1m[36mCACHE (0.0ms)[0m  [1mSELECT `locations`.* FROM `locations`[0m
Rendered /usr/lib/ruby/gems/1.8/gems/gmaps4rails-0.7.5/app/views/gmaps4rails/_gmaps4rails.html.erb (1.7ms)
Rendered locations/index.html.erb within layouts/application (18.5ms)
Completed 200 OK in 33ms (Views: 24.1ms | ActiveRecord: 0.3ms)


Started GET "/stylesheets/gmaps4rails.css" for 127.0.0.1 at Fri Apr 15 21:28:06 +0530 2011


Started GET "/javascripts/gmaps4rails.js" for 127.0.0.1 at Fri Apr 15 21:28:06 +0530 2011


Started GET "/locations/new" for 127.0.0.1 at Fri Apr 15 21:28:14 +0530 2011
  Processing by LocationsController#new as HTML
Rendered locations/_form.html.erb (6.4ms)
Rendered locations/new.html.erb within layouts/application (10.4ms)
Completed 200 OK in 22ms (Views: 15.3ms | ActiveRecord: 0.0ms)


Started POST "/locations" for 127.0.0.1 at Fri Apr 15 21:28:30 +0530 2011
  Processing by LocationsController#create as HTML
  Parameters: {"commit"=>"Create Location", "location"=>{"name"=>"Venkat", "address"=>"Salem, Tamilnadu"}, "authenticity_token"=>"nzwIjF/iSPQK7hItHtXVecJvTzuBpqCxiizsJ54Gin0=", "utf8"=>"\342\234\223"}
  [1m[35mSQL (0.1ms)[0m  BEGIN
  [1m[36mSQL (0.7ms)[0m  [1mdescribe `locations`[0m
  [1m[35mAREL (0.3ms)[0m  INSERT INTO `locations` (`latitude`, `created_at`, `address`, `updated_at`, `longitude`, `name`) VALUES (11.664325, '2011-04-15 15:58:30', 'Salem, Tamilnadu', '2011-04-15 15:58:30', 78.1460142, 'Venkat')
  [1m[36mSQL (2.0ms)[0m  [1mCOMMIT[0m
Redirected to http://localhost:3000/locations/7
Completed 302 Found in 690ms


Started GET "/locations/7" for 127.0.0.1 at Fri Apr 15 21:28:30 +0530 2011
  Processing by LocationsController#show as HTML
  Parameters: {"id"=>"7"}
  [1m[35mLocation Load (0.3ms)[0m  SELECT `locations`.* FROM `locations` WHERE `locations`.`id` = 7 LIMIT 1
Rendered locations/show.html.erb within layouts/application (6.8ms)
Completed 200 OK in 18ms (Views: 11.5ms | ActiveRecord: 0.3ms)


Started GET "/locations" for 127.0.0.1 at Fri Apr 15 21:28:32 +0530 2011
  Processing by LocationsController#index as HTML
  [1m[36mLocation Load (0.5ms)[0m  [1mSELECT `locations`.* FROM `locations`[0m
  [1m[35mCACHE (0.0ms)[0m  SELECT `locations`.* FROM `locations`
Rendered /usr/lib/ruby/gems/1.8/gems/gmaps4rails-0.7.5/app/views/gmaps4rails/_gmaps4rails.html.erb (2.0ms)
Rendered locations/index.html.erb within layouts/application (84.6ms)
Completed 200 OK in 96ms (Views: 89.3ms | ActiveRecord: 0.5ms)


Started GET "/locations" for 127.0.0.1 at Fri Apr 15 21:31:38 +0530 2011
  Processing by LocationsController#index as HTML
  [1m[36mLocation Load (0.1ms)[0m  [1mSELECT `locations`.* FROM `locations`[0m
  [1m[35mCACHE (0.0ms)[0m  SELECT `locations`.* FROM `locations`
Rendered /usr/lib/ruby/gems/1.8/gems/gmaps4rails-0.7.5/app/views/gmaps4rails/_gmaps4rails.html.erb (1.7ms)
Rendered locations/index.html.erb within layouts/application (16.0ms)
Completed 200 OK in 31ms (Views: 20.6ms | ActiveRecord: 0.1ms)


Started GET "/stylesheets/gmaps4rails.css" for 127.0.0.1 at Fri Apr 15 21:31:38 +0530 2011


Started GET "/javascripts/gmaps4rails.js" for 127.0.0.1 at Fri Apr 15 21:31:38 +0530 2011


Started GET "/locations" for 127.0.0.1 at Fri Apr 15 21:32:00 +0530 2011
  Processing by LocationsController#index as HTML
  [1m[36mLocation Load (0.1ms)[0m  [1mSELECT `locations`.* FROM `locations`[0m
  [1m[35mCACHE (0.0ms)[0m  SELECT `locations`.* FROM `locations`
Rendered /usr/lib/ruby/gems/1.8/gems/gmaps4rails-0.7.5/app/views/gmaps4rails/_gmaps4rails.html.erb (1.5ms)
Rendered locations/index.html.erb within layouts/application (15.0ms)
Completed 200 OK in 30ms (Views: 19.7ms | ActiveRecord: 0.1ms)


Started GET "/stylesheets/gmaps4rails.css" for 127.0.0.1 at Fri Apr 15 21:32:00 +0530 2011


Started GET "/javascripts/gmaps4rails.js" for 127.0.0.1 at Fri Apr 15 21:32:00 +0530 2011


Started GET "/locations" for 127.0.0.1 at Fri Apr 15 21:32:18 +0530 2011
  Processing by LocationsController#index as HTML
  [1m[36mLocation Load (0.1ms)[0m  [1mSELECT `locations`.* FROM `locations`[0m
  [1m[35mCACHE (0.0ms)[0m  SELECT `locations`.* FROM `locations`
Rendered /usr/lib/ruby/gems/1.8/gems/gmaps4rails-0.7.5/app/views/gmaps4rails/_gmaps4rails.html.erb (1.9ms)
Rendered locations/index.html.erb within layouts/application (16.1ms)
Completed 200 OK in 31ms (Views: 20.7ms | ActiveRecord: 0.1ms)


Started GET "/stylesheets/gmaps4rails.css" for 127.0.0.1 at Fri Apr 15 21:32:19 +0530 2011


Started GET "/javascripts/gmaps4rails.js" for 127.0.0.1 at Fri Apr 15 21:32:19 +0530 2011


Started GET "/locations" for 127.0.0.1 at Fri Apr 15 21:33:23 +0530 2011
  Processing by LocationsController#index as HTML
  [1m[36mLocation Load (0.2ms)[0m  [1mSELECT `locations`.* FROM `locations`[0m
  [1m[35mCACHE (0.0ms)[0m  SELECT `locations`.* FROM `locations`
Rendered /usr/lib/ruby/gems/1.8/gems/gmaps4rails-0.7.5/app/views/gmaps4rails/_gmaps4rails.html.erb (1.8ms)
Rendered locations/index.html.erb within layouts/application (16.0ms)
Completed 200 OK in 32ms (Views: 20.9ms | ActiveRecord: 0.2ms)


Started GET "/stylesheets/gmaps4rails.css" for 127.0.0.1 at Fri Apr 15 21:33:24 +0530 2011


Started GET "/javascripts/gmaps4rails.js" for 127.0.0.1 at Fri Apr 15 21:33:24 +0530 2011


Started GET "/locations" for 127.0.0.1 at Fri Apr 15 21:33:45 +0530 2011
  Processing by LocationsController#index as HTML
Completed   in 4ms

SyntaxError (/home/rajkumar/Documents/rails exercise/googlemap/app/models/location.rb:10: syntax error, unexpected '}', expecting '='
         "<h4>#{name,address}</h4>"
                             ^
/home/rajkumar/Documents/rails exercise/googlemap/app/models/location.rb:10: unterminated string meets end of file):
  app/controllers/locations_controller.rb:5:in `index'

Rendered /usr/lib/ruby/gems/1.8/gems/actionpack-3.0.5/lib/action_dispatch/middleware/templates/rescues/_trace.erb (1.9ms)
Rendered /usr/lib/ruby/gems/1.8/gems/actionpack-3.0.5/lib/action_dispatch/middleware/templates/rescues/_request_and_response.erb (6.8ms)
Rendered /usr/lib/ruby/gems/1.8/gems/actionpack-3.0.5/lib/action_dispatch/middleware/templates/rescues/diagnostics.erb within rescues/layout (14.2ms)


Started GET "/locations" for 127.0.0.1 at Fri Apr 15 21:35:17 +0530 2011
  Processing by LocationsController#index as HTML
Completed   in 3ms

SyntaxError (/home/rajkumar/Documents/rails exercise/googlemap/app/models/location.rb:10: syntax error, unexpected ',', expecting '}'
         "<h4>#{:name,:address}</h4>"
                      ^):
  app/controllers/locations_controller.rb:5:in `index'

Rendered /usr/lib/ruby/gems/1.8/gems/actionpack-3.0.5/lib/action_dispatch/middleware/templates/rescues/_trace.erb (1.1ms)
Rendered /usr/lib/ruby/gems/1.8/gems/actionpack-3.0.5/lib/action_dispatch/middleware/templates/rescues/_request_and_response.erb (5.8ms)
Rendered /usr/lib/ruby/gems/1.8/gems/actionpack-3.0.5/lib/action_dispatch/middleware/templates/rescues/diagnostics.erb within rescues/layout (10.5ms)


Started GET "/locations" for 127.0.0.1 at Fri Apr 15 21:35:20 +0530 2011
  Processing by LocationsController#index as HTML
Completed   in 4ms

SyntaxError (/home/rajkumar/Documents/rails exercise/googlemap/app/models/location.rb:10: syntax error, unexpected ',', expecting '}'
         "<h4>#{:name,:address}</h4>"
                      ^):
  app/controllers/locations_controller.rb:5:in `index'

Rendered /usr/lib/ruby/gems/1.8/gems/actionpack-3.0.5/lib/action_dispatch/middleware/templates/rescues/_trace.erb (1.3ms)
Rendered /usr/lib/ruby/gems/1.8/gems/actionpack-3.0.5/lib/action_dispatch/middleware/templates/rescues/_request_and_response.erb (6.4ms)
Rendered /usr/lib/ruby/gems/1.8/gems/actionpack-3.0.5/lib/action_dispatch/middleware/templates/rescues/diagnostics.erb within rescues/layout (11.8ms)


Started GET "/locations" for 127.0.0.1 at Fri Apr 15 21:36:40 +0530 2011
  Processing by LocationsController#index as HTML
Completed   in 4ms

SyntaxError (/home/rajkumar/Documents/rails exercise/googlemap/app/models/location.rb:10: syntax error, unexpected ',', expecting kEND
         "<h4>#{name}</h4>","<h4>#{address}</h4>"
                            ^):
  app/controllers/locations_controller.rb:5:in `index'

Rendered /usr/lib/ruby/gems/1.8/gems/actionpack-3.0.5/lib/action_dispatch/middleware/templates/rescues/_trace.erb (1.3ms)
Rendered /usr/lib/ruby/gems/1.8/gems/actionpack-3.0.5/lib/action_dispatch/middleware/templates/rescues/_request_and_response.erb (5.8ms)
Rendered /usr/lib/ruby/gems/1.8/gems/actionpack-3.0.5/lib/action_dispatch/middleware/templates/rescues/diagnostics.erb within rescues/layout (10.8ms)


Started GET "/locations" for 127.0.0.1 at Fri Apr 15 21:36:42 +0530 2011
  Processing by LocationsController#index as HTML
Completed   in 4ms

SyntaxError (/home/rajkumar/Documents/rails exercise/googlemap/app/models/location.rb:10: syntax error, unexpected ',', expecting kEND
         "<h4>#{name}</h4>","<h4>#{address}</h4>"
                            ^):
  app/controllers/locations_controller.rb:5:in `index'

Rendered /usr/lib/ruby/gems/1.8/gems/actionpack-3.0.5/lib/action_dispatch/middleware/templates/rescues/_trace.erb (1.2ms)
Rendered /usr/lib/ruby/gems/1.8/gems/actionpack-3.0.5/lib/action_dispatch/middleware/templates/rescues/_request_and_response.erb (6.0ms)
Rendered /usr/lib/ruby/gems/1.8/gems/actionpack-3.0.5/lib/action_dispatch/middleware/templates/rescues/diagnostics.erb within rescues/layout (10.8ms)


Started GET "/locations" for 127.0.0.1 at Fri Apr 15 21:37:06 +0530 2011
  Processing by LocationsController#index as HTML
  [1m[36mLocation Load (0.1ms)[0m  [1mSELECT `locations`.* FROM `locations`[0m
  [1m[35mCACHE (0.0ms)[0m  SELECT `locations`.* FROM `locations`
Rendered /usr/lib/ruby/gems/1.8/gems/gmaps4rails-0.7.5/app/views/gmaps4rails/_gmaps4rails.html.erb (1.5ms)
Rendered locations/index.html.erb within layouts/application (14.3ms)
Completed 200 OK in 29ms (Views: 19.0ms | ActiveRecord: 0.1ms)


Started GET "/stylesheets/gmaps4rails.css" for 127.0.0.1 at Fri Apr 15 21:37:06 +0530 2011


Started GET "/javascripts/gmaps4rails.js" for 127.0.0.1 at Fri Apr 15 21:37:06 +0530 2011


Started GET "/locations" for 127.0.0.1 at Fri Apr 15 21:40:45 +0530 2011
  Processing by LocationsController#index as HTML
  [1m[36mLocation Load (0.1ms)[0m  [1mSELECT `locations`.* FROM `locations`[0m
  [1m[35mCACHE (0.0ms)[0m  SELECT `locations`.* FROM `locations`
Rendered /usr/lib/ruby/gems/1.8/gems/gmaps4rails-0.7.5/app/views/gmaps4rails/_gmaps4rails.html.erb (1.9ms)
Rendered locations/index.html.erb within layouts/application (16.6ms)
Completed 200 OK in 33ms (Views: 21.6ms | ActiveRecord: 0.1ms)


Started GET "/stylesheets/gmaps4rails.css" for 127.0.0.1 at Fri Apr 15 21:40:45 +0530 2011


Started GET "/javascripts/gmaps4rails.js" for 127.0.0.1 at Fri Apr 15 21:40:45 +0530 2011


Started GET "/locations" for 127.0.0.1 at Fri Apr 15 21:43:32 +0530 2011
  Processing by LocationsController#index as HTML
  [1m[36mLocation Load (0.1ms)[0m  [1mSELECT `locations`.* FROM `locations`[0m
  [1m[35mCACHE (0.0ms)[0m  SELECT `locations`.* FROM `locations`
Rendered /usr/lib/ruby/gems/1.8/gems/gmaps4rails-0.7.5/app/views/gmaps4rails/_gmaps4rails.html.erb (1.6ms)
Rendered locations/index.html.erb within layouts/application (15.3ms)
Completed 200 OK in 30ms (Views: 20.2ms | ActiveRecord: 0.1ms)


Started GET "/stylesheets/gmaps4rails.css" for 127.0.0.1 at Fri Apr 15 21:43:32 +0530 2011


Started GET "/javascripts/gmaps4rails.js" for 127.0.0.1 at Fri Apr 15 21:43:32 +0530 2011


Started GET "/locations" for 127.0.0.1 at Fri Apr 15 21:49:59 +0530 2011
  Processing by LocationsController#index as HTML
  [1m[36mLocation Load (0.1ms)[0m  [1mSELECT `locations`.* FROM `locations`[0m
  [1m[35mCACHE (0.0ms)[0m  SELECT `locations`.* FROM `locations`
Rendered /usr/lib/ruby/gems/1.8/gems/gmaps4rails-0.7.5/app/views/gmaps4rails/_gmaps4rails.html.erb (1.6ms)
Rendered locations/index.html.erb within layouts/application (15.1ms)
Completed 200 OK in 30ms (Views: 19.7ms | ActiveRecord: 0.1ms)


Started GET "/stylesheets/gmaps4rails.css" for 127.0.0.1 at Fri Apr 15 21:49:59 +0530 2011


Started GET "/javascripts/gmaps4rails.js" for 127.0.0.1 at Fri Apr 15 21:49:59 +0530 2011


Started GET "/images/Rajkumar.S.png" for 127.0.0.1 at Fri Apr 15 21:50:00 +0530 2011

ActionController::RoutingError (No route matches "/images/Rajkumar.S.png"):
  

Rendered /usr/lib/ruby/gems/1.8/gems/actionpack-3.0.5/lib/action_dispatch/middleware/templates/rescues/routing_error.erb within rescues/layout (1.0ms)


Started GET "/images/Logeshprabu.png" for 127.0.0.1 at Fri Apr 15 21:50:01 +0530 2011

ActionController::RoutingError (No route matches "/images/Logeshprabu.png"):
  

Rendered /usr/lib/ruby/gems/1.8/gems/actionpack-3.0.5/lib/action_dispatch/middleware/templates/rescues/routing_error.erb within rescues/layout (0.9ms)


Started GET "/images/Sathish.png" for 127.0.0.1 at Fri Apr 15 21:50:01 +0530 2011

ActionController::RoutingError (No route matches "/images/Sathish.png"):
  

Rendered /usr/lib/ruby/gems/1.8/gems/actionpack-3.0.5/lib/action_dispatch/middleware/templates/rescues/routing_error.erb within rescues/layout (1.0ms)


Started GET "/images/Sanmugam.png" for 127.0.0.1 at Fri Apr 15 21:50:01 +0530 2011

ActionController::RoutingError (No route matches "/images/Sanmugam.png"):
  

Rendered /usr/lib/ruby/gems/1.8/gems/actionpack-3.0.5/lib/action_dispatch/middleware/templates/rescues/routing_error.erb within rescues/layout (0.8ms)


Started GET "/images/Dhasthagheer.png" for 127.0.0.1 at Fri Apr 15 21:50:01 +0530 2011

ActionController::RoutingError (No route matches "/images/Dhasthagheer.png"):
  

Rendered /usr/lib/ruby/gems/1.8/gems/actionpack-3.0.5/lib/action_dispatch/middleware/templates/rescues/routing_error.erb within rescues/layout (0.8ms)


Started GET "/images/Venkat.png" for 127.0.0.1 at Fri Apr 15 21:50:01 +0530 2011

ActionController::RoutingError (No route matches "/images/Venkat.png"):
  

Rendered /usr/lib/ruby/gems/1.8/gems/actionpack-3.0.5/lib/action_dispatch/middleware/templates/rescues/routing_error.erb within rescues/layout (1.1ms)


Started GET "/images/Sanmugam.png" for 127.0.0.1 at Fri Apr 15 21:50:12 +0530 2011

ActionController::RoutingError (No route matches "/images/Sanmugam.png"):
  

Rendered /usr/lib/ruby/gems/1.8/gems/actionpack-3.0.5/lib/action_dispatch/middleware/templates/rescues/routing_error.erb within rescues/layout (0.9ms)


Started GET "/images/Dhasthagheer.png" for 127.0.0.1 at Fri Apr 15 21:50:12 +0530 2011

ActionController::RoutingError (No route matches "/images/Dhasthagheer.png"):
  

Rendered /usr/lib/ruby/gems/1.8/gems/actionpack-3.0.5/lib/action_dispatch/middleware/templates/rescues/routing_error.erb within rescues/layout (2.4ms)


Started GET "/images/Logeshprabu.png" for 127.0.0.1 at Fri Apr 15 21:50:13 +0530 2011

ActionController::RoutingError (No route matches "/images/Logeshprabu.png"):
  

Rendered /usr/lib/ruby/gems/1.8/gems/actionpack-3.0.5/lib/action_dispatch/middleware/templates/rescues/routing_error.erb within rescues/layout (1.0ms)


Started GET "/images/Sanmugam.png" for 127.0.0.1 at Fri Apr 15 21:50:13 +0530 2011

ActionController::RoutingError (No route matches "/images/Sanmugam.png"):
  

Rendered /usr/lib/ruby/gems/1.8/gems/actionpack-3.0.5/lib/action_dispatch/middleware/templates/rescues/routing_error.erb within rescues/layout (0.9ms)


Started GET "/images/Dhasthagheer.png" for 127.0.0.1 at Fri Apr 15 21:50:13 +0530 2011

ActionController::RoutingError (No route matches "/images/Dhasthagheer.png"):
  

Rendered /usr/lib/ruby/gems/1.8/gems/actionpack-3.0.5/lib/action_dispatch/middleware/templates/rescues/routing_error.erb within rescues/layout (0.8ms)


Started GET "/images/Venkat.png" for 127.0.0.1 at Fri Apr 15 21:50:13 +0530 2011

ActionController::RoutingError (No route matches "/images/Venkat.png"):
  

Rendered /usr/lib/ruby/gems/1.8/gems/actionpack-3.0.5/lib/action_dispatch/middleware/templates/rescues/routing_error.erb within rescues/layout (0.9ms)


Started GET "/images/Rajkumar.S.png" for 127.0.0.1 at Fri Apr 15 21:50:14 +0530 2011

ActionController::RoutingError (No route matches "/images/Rajkumar.S.png"):
  

Rendered /usr/lib/ruby/gems/1.8/gems/actionpack-3.0.5/lib/action_dispatch/middleware/templates/rescues/routing_error.erb within rescues/layout (1.7ms)


Started GET "/images/Logeshprabu.png" for 127.0.0.1 at Fri Apr 15 21:50:14 +0530 2011

ActionController::RoutingError (No route matches "/images/Logeshprabu.png"):
  

Rendered /usr/lib/ruby/gems/1.8/gems/actionpack-3.0.5/lib/action_dispatch/middleware/templates/rescues/routing_error.erb within rescues/layout (3.7ms)


Started GET "/images/Sathish.png" for 127.0.0.1 at Fri Apr 15 21:50:14 +0530 2011

ActionController::RoutingError (No route matches "/images/Sathish.png"):
  

Rendered /usr/lib/ruby/gems/1.8/gems/actionpack-3.0.5/lib/action_dispatch/middleware/templates/rescues/routing_error.erb within rescues/layout (0.8ms)


Started GET "/images/Sanmugam.png" for 127.0.0.1 at Fri Apr 15 21:50:14 +0530 2011

ActionController::RoutingError (No route matches "/images/Sanmugam.png"):
  

Rendered /usr/lib/ruby/gems/1.8/gems/actionpack-3.0.5/lib/action_dispatch/middleware/templates/rescues/routing_error.erb within rescues/layout (0.8ms)


Started GET "/images/Dhasthagheer.png" for 127.0.0.1 at Fri Apr 15 21:50:14 +0530 2011

ActionController::RoutingError (No route matches "/images/Dhasthagheer.png"):
  

Rendered /usr/lib/ruby/gems/1.8/gems/actionpack-3.0.5/lib/action_dispatch/middleware/templates/rescues/routing_error.erb within rescues/layout (0.9ms)


Started GET "/images/Venkat.png" for 127.0.0.1 at Fri Apr 15 21:50:14 +0530 2011

ActionController::RoutingError (No route matches "/images/Venkat.png"):
  

Rendered /usr/lib/ruby/gems/1.8/gems/actionpack-3.0.5/lib/action_dispatch/middleware/templates/rescues/routing_error.erb within rescues/layout (2.9ms)


Started GET "/images/Rajkumar.S.png" for 127.0.0.1 at Fri Apr 15 21:50:15 +0530 2011

ActionController::RoutingError (No route matches "/images/Rajkumar.S.png"):
  

Rendered /usr/lib/ruby/gems/1.8/gems/actionpack-3.0.5/lib/action_dispatch/middleware/templates/rescues/routing_error.erb within rescues/layout (1.3ms)


Started GET "/images/Logeshprabu.png" for 127.0.0.1 at Fri Apr 15 21:50:15 +0530 2011

ActionController::RoutingError (No route matches "/images/Logeshprabu.png"):
  

Rendered /usr/lib/ruby/gems/1.8/gems/actionpack-3.0.5/lib/action_dispatch/middleware/templates/rescues/routing_error.erb within rescues/layout (3.1ms)


Started GET "/images/Sathish.png" for 127.0.0.1 at Fri Apr 15 21:50:15 +0530 2011

ActionController::RoutingError (No route matches "/images/Sathish.png"):
  

Rendered /usr/lib/ruby/gems/1.8/gems/actionpack-3.0.5/lib/action_dispatch/middleware/templates/rescues/routing_error.erb within rescues/layout (0.8ms)


Started GET "/images/Sanmugam.png" for 127.0.0.1 at Fri Apr 15 21:50:15 +0530 2011

ActionController::RoutingError (No route matches "/images/Sanmugam.png"):
  

Rendered /usr/lib/ruby/gems/1.8/gems/actionpack-3.0.5/lib/action_dispatch/middleware/templates/rescues/routing_error.erb within rescues/layout (1.2ms)


Started GET "/images/Dhasthagheer.png" for 127.0.0.1 at Fri Apr 15 21:50:15 +0530 2011

ActionController::RoutingError (No route matches "/images/Dhasthagheer.png"):
  

Rendered /usr/lib/ruby/gems/1.8/gems/actionpack-3.0.5/lib/action_dispatch/middleware/templates/rescues/routing_error.erb within rescues/layout (0.7ms)


Started GET "/images/Venkat.png" for 127.0.0.1 at Fri Apr 15 21:50:15 +0530 2011

ActionController::RoutingError (No route matches "/images/Venkat.png"):
  

Rendered /usr/lib/ruby/gems/1.8/gems/actionpack-3.0.5/lib/action_dispatch/middleware/templates/rescues/routing_error.erb within rescues/layout (0.8ms)


Started GET "/locations" for 127.0.0.1 at Fri Apr 15 21:52:08 +0530 2011
  Processing by LocationsController#index as HTML
  [1m[36mLocation Load (0.2ms)[0m  [1mSELECT `locations`.* FROM `locations`[0m
  [1m[35mCACHE (0.0ms)[0m  SELECT `locations`.* FROM `locations`
Rendered /usr/lib/ruby/gems/1.8/gems/gmaps4rails-0.7.5/app/views/gmaps4rails/_gmaps4rails.html.erb (1.9ms)
Rendered locations/index.html.erb within layouts/application (84.6ms)
Completed 200 OK in 100ms (Views: 89.5ms | ActiveRecord: 0.2ms)


Started GET "/stylesheets/gmaps4rails.css" for 127.0.0.1 at Fri Apr 15 21:52:08 +0530 2011


Started GET "/javascripts/gmaps4rails.js" for 127.0.0.1 at Fri Apr 15 21:52:08 +0530 2011


Started GET "/images/Rajkumar.S.png" for 127.0.0.1 at Fri Apr 15 21:52:09 +0530 2011

ActionController::RoutingError (No route matches "/images/Rajkumar.S.png"):
  

Rendered /usr/lib/ruby/gems/1.8/gems/actionpack-3.0.5/lib/action_dispatch/middleware/templates/rescues/routing_error.erb within rescues/layout (0.9ms)


Started GET "/images/Logeshprabu.png" for 127.0.0.1 at Fri Apr 15 21:52:09 +0530 2011

ActionController::RoutingError (No route matches "/images/Logeshprabu.png"):
  

Rendered /usr/lib/ruby/gems/1.8/gems/actionpack-3.0.5/lib/action_dispatch/middleware/templates/rescues/routing_error.erb within rescues/layout (3.1ms)


Started GET "/images/Sathish.png" for 127.0.0.1 at Fri Apr 15 21:52:09 +0530 2011

ActionController::RoutingError (No route matches "/images/Sathish.png"):
  

Rendered /usr/lib/ruby/gems/1.8/gems/actionpack-3.0.5/lib/action_dispatch/middleware/templates/rescues/routing_error.erb within rescues/layout (1.3ms)


Started GET "/images/Sanmugam.png" for 127.0.0.1 at Fri Apr 15 21:52:09 +0530 2011

ActionController::RoutingError (No route matches "/images/Sanmugam.png"):
  

Rendered /usr/lib/ruby/gems/1.8/gems/actionpack-3.0.5/lib/action_dispatch/middleware/templates/rescues/routing_error.erb within rescues/layout (1.0ms)


Started GET "/images/Dhasthagheer.png" for 127.0.0.1 at Fri Apr 15 21:52:09 +0530 2011

ActionController::RoutingError (No route matches "/images/Dhasthagheer.png"):
  

Rendered /usr/lib/ruby/gems/1.8/gems/actionpack-3.0.5/lib/action_dispatch/middleware/templates/rescues/routing_error.erb within rescues/layout (0.9ms)


Started GET "/images/Venkat.png" for 127.0.0.1 at Fri Apr 15 21:52:09 +0530 2011

ActionController::RoutingError (No route matches "/images/Venkat.png"):
  

Rendered /usr/lib/ruby/gems/1.8/gems/actionpack-3.0.5/lib/action_dispatch/middleware/templates/rescues/routing_error.erb within rescues/layout (0.9ms)


Started GET "/images/Rajkumar.S.png" for 127.0.0.1 at Fri Apr 15 21:52:17 +0530 2011

ActionController::RoutingError (No route matches "/images/Rajkumar.S.png"):
  

Rendered /usr/lib/ruby/gems/1.8/gems/actionpack-3.0.5/lib/action_dispatch/middleware/templates/rescues/routing_error.erb within rescues/layout (1.0ms)


Started GET "/images/Logeshprabu.png" for 127.0.0.1 at Fri Apr 15 21:52:17 +0530 2011

ActionController::RoutingError (No route matches "/images/Logeshprabu.png"):
  

Rendered /usr/lib/ruby/gems/1.8/gems/actionpack-3.0.5/lib/action_dispatch/middleware/templates/rescues/routing_error.erb within rescues/layout (2.1ms)


Started GET "/images/Sanmugam.png" for 127.0.0.1 at Fri Apr 15 21:52:17 +0530 2011

ActionController::RoutingError (No route matches "/images/Sanmugam.png"):
  

Rendered /usr/lib/ruby/gems/1.8/gems/actionpack-3.0.5/lib/action_dispatch/middleware/templates/rescues/routing_error.erb within rescues/layout (1.0ms)


Started GET "/images/Venkat.png" for 127.0.0.1 at Fri Apr 15 21:52:17 +0530 2011

ActionController::RoutingError (No route matches "/images/Venkat.png"):
  

Rendered /usr/lib/ruby/gems/1.8/gems/actionpack-3.0.5/lib/action_dispatch/middleware/templates/rescues/routing_error.erb within rescues/layout (1.1ms)


Started GET "/locations" for 127.0.0.1 at Fri Apr 15 21:52:43 +0530 2011
  Processing by LocationsController#index as HTML
  [1m[36mLocation Load (0.2ms)[0m  [1mSELECT `locations`.* FROM `locations`[0m
  [1m[35mCACHE (0.0ms)[0m  SELECT `locations`.* FROM `locations`
Rendered /usr/lib/ruby/gems/1.8/gems/gmaps4rails-0.7.5/app/views/gmaps4rails/_gmaps4rails.html.erb (1.6ms)
Rendered locations/index.html.erb within layouts/application (15.5ms)
Completed 200 OK in 30ms (Views: 20.0ms | ActiveRecord: 0.2ms)


Started GET "/stylesheets/gmaps4rails.css" for 127.0.0.1 at Fri Apr 15 21:52:43 +0530 2011


Started GET "/javascripts/gmaps4rails.js" for 127.0.0.1 at Fri Apr 15 21:52:44 +0530 2011


Started GET "/images/Rajkumar.S.jpg" for 127.0.0.1 at Fri Apr 15 21:52:44 +0530 2011

ActionController::RoutingError (No route matches "/images/Rajkumar.S.jpg"):
  

Rendered /usr/lib/ruby/gems/1.8/gems/actionpack-3.0.5/lib/action_dispatch/middleware/templates/rescues/routing_error.erb within rescues/layout (0.8ms)


Started GET "/images/Logeshprabu.jpg" for 127.0.0.1 at Fri Apr 15 21:52:44 +0530 2011

ActionController::RoutingError (No route matches "/images/Logeshprabu.jpg"):
  

Rendered /usr/lib/ruby/gems/1.8/gems/actionpack-3.0.5/lib/action_dispatch/middleware/templates/rescues/routing_error.erb within rescues/layout (1.6ms)


Started GET "/images/Sathish.jpg" for 127.0.0.1 at Fri Apr 15 21:52:44 +0530 2011

ActionController::RoutingError (No route matches "/images/Sathish.jpg"):
  

Rendered /usr/lib/ruby/gems/1.8/gems/actionpack-3.0.5/lib/action_dispatch/middleware/templates/rescues/routing_error.erb within rescues/layout (1.0ms)


Started GET "/images/Sanmugam.jpg" for 127.0.0.1 at Fri Apr 15 21:52:44 +0530 2011

ActionController::RoutingError (No route matches "/images/Sanmugam.jpg"):
  

Rendered /usr/lib/ruby/gems/1.8/gems/actionpack-3.0.5/lib/action_dispatch/middleware/templates/rescues/routing_error.erb within rescues/layout (0.8ms)


Started GET "/images/Dhasthagheer.jpg" for 127.0.0.1 at Fri Apr 15 21:52:45 +0530 2011

ActionController::RoutingError (No route matches "/images/Dhasthagheer.jpg"):
  

Rendered /usr/lib/ruby/gems/1.8/gems/actionpack-3.0.5/lib/action_dispatch/middleware/templates/rescues/routing_error.erb within rescues/layout (0.7ms)


Started GET "/images/Venkat.jpg" for 127.0.0.1 at Fri Apr 15 21:52:45 +0530 2011

ActionController::RoutingError (No route matches "/images/Venkat.jpg"):
  

Rendered /usr/lib/ruby/gems/1.8/gems/actionpack-3.0.5/lib/action_dispatch/middleware/templates/rescues/routing_error.erb within rescues/layout (1.1ms)


Started GET "/locations" for 127.0.0.1 at Fri Apr 15 21:53:55 +0530 2011
  Processing by LocationsController#index as HTML
  [1m[36mLocation Load (0.1ms)[0m  [1mSELECT `locations`.* FROM `locations`[0m
  [1m[35mCACHE (0.0ms)[0m  SELECT `locations`.* FROM `locations`
Rendered /usr/lib/ruby/gems/1.8/gems/gmaps4rails-0.7.5/app/views/gmaps4rails/_gmaps4rails.html.erb (2.0ms)
Rendered locations/index.html.erb within layouts/application (17.3ms)
Completed 200 OK in 34ms (Views: 22.4ms | ActiveRecord: 0.1ms)


Started GET "/stylesheets/gmaps4rails.css" for 127.0.0.1 at Fri Apr 15 21:53:55 +0530 2011


Started GET "/javascripts/gmaps4rails.js" for 127.0.0.1 at Fri Apr 15 21:53:55 +0530 2011


Started GET "/images/Rajkumar.S.jpg" for 127.0.0.1 at Fri Apr 15 21:53:56 +0530 2011

ActionController::RoutingError (No route matches "/images/Rajkumar.S.jpg"):
  

Rendered /usr/lib/ruby/gems/1.8/gems/actionpack-3.0.5/lib/action_dispatch/middleware/templates/rescues/routing_error.erb within rescues/layout (1.2ms)


Started GET "/images/Logeshprabu.jpg" for 127.0.0.1 at Fri Apr 15 21:53:56 +0530 2011

ActionController::RoutingError (No route matches "/images/Logeshprabu.jpg"):
  

Rendered /usr/lib/ruby/gems/1.8/gems/actionpack-3.0.5/lib/action_dispatch/middleware/templates/rescues/routing_error.erb within rescues/layout (1.1ms)


Started GET "/images/Sathish.jpg" for 127.0.0.1 at Fri Apr 15 21:53:56 +0530 2011

ActionController::RoutingError (No route matches "/images/Sathish.jpg"):
  

Rendered /usr/lib/ruby/gems/1.8/gems/actionpack-3.0.5/lib/action_dispatch/middleware/templates/rescues/routing_error.erb within rescues/layout (0.8ms)


Started GET "/images/Sanmugam.jpg" for 127.0.0.1 at Fri Apr 15 21:53:56 +0530 2011

ActionController::RoutingError (No route matches "/images/Sanmugam.jpg"):
  

Rendered /usr/lib/ruby/gems/1.8/gems/actionpack-3.0.5/lib/action_dispatch/middleware/templates/rescues/routing_error.erb within rescues/layout (0.8ms)


Started GET "/images/Dhasthagheer.jpg" for 127.0.0.1 at Fri Apr 15 21:53:56 +0530 2011

ActionController::RoutingError (No route matches "/images/Dhasthagheer.jpg"):
  

Rendered /usr/lib/ruby/gems/1.8/gems/actionpack-3.0.5/lib/action_dispatch/middleware/templates/rescues/routing_error.erb within rescues/layout (0.7ms)


Started GET "/images/Venkat.jpg" for 127.0.0.1 at Fri Apr 15 21:53:56 +0530 2011

ActionController::RoutingError (No route matches "/images/Venkat.jpg"):
  

Rendered /usr/lib/ruby/gems/1.8/gems/actionpack-3.0.5/lib/action_dispatch/middleware/templates/rescues/routing_error.erb within rescues/layout (0.8ms)


Started GET "/locations" for 127.0.0.1 at Fri Apr 15 21:54:51 +0530 2011
  Processing by LocationsController#index as HTML
  [1m[36mLocation Load (0.1ms)[0m  [1mSELECT `locations`.* FROM `locations`[0m
  [1m[35mCACHE (0.0ms)[0m  SELECT `locations`.* FROM `locations`
Rendered /usr/lib/ruby/gems/1.8/gems/gmaps4rails-0.7.5/app/views/gmaps4rails/_gmaps4rails.html.erb (1.6ms)
Rendered locations/index.html.erb within layouts/application (15.3ms)
Completed 200 OK in 31ms (Views: 19.9ms | ActiveRecord: 0.1ms)


Started GET "/stylesheets/gmaps4rails.css" for 127.0.0.1 at Fri Apr 15 21:54:51 +0530 2011


Started GET "/javascripts/gmaps4rails.js" for 127.0.0.1 at Fri Apr 15 21:54:51 +0530 2011


Started GET "/public/images/Rajkumar.S.jpg" for 127.0.0.1 at Fri Apr 15 21:54:52 +0530 2011

ActionController::RoutingError (No route matches "/public/images/Rajkumar.S.jpg"):
  

Rendered /usr/lib/ruby/gems/1.8/gems/actionpack-3.0.5/lib/action_dispatch/middleware/templates/rescues/routing_error.erb within rescues/layout (0.9ms)


Started GET "/public/images/Logeshprabu.jpg" for 127.0.0.1 at Fri Apr 15 21:54:52 +0530 2011

ActionController::RoutingError (No route matches "/public/images/Logeshprabu.jpg"):
  

Rendered /usr/lib/ruby/gems/1.8/gems/actionpack-3.0.5/lib/action_dispatch/middleware/templates/rescues/routing_error.erb within rescues/layout (1.0ms)


Started GET "/public/images/Sathish.jpg" for 127.0.0.1 at Fri Apr 15 21:54:52 +0530 2011

ActionController::RoutingError (No route matches "/public/images/Sathish.jpg"):
  

Rendered /usr/lib/ruby/gems/1.8/gems/actionpack-3.0.5/lib/action_dispatch/middleware/templates/rescues/routing_error.erb within rescues/layout (0.8ms)


Started GET "/public/images/Sanmugam.jpg" for 127.0.0.1 at Fri Apr 15 21:54:52 +0530 2011

ActionController::RoutingError (No route matches "/public/images/Sanmugam.jpg"):
  

Rendered /usr/lib/ruby/gems/1.8/gems/actionpack-3.0.5/lib/action_dispatch/middleware/templates/rescues/routing_error.erb within rescues/layout (1.0ms)


Started GET "/public/images/Dhasthagheer.jpg" for 127.0.0.1 at Fri Apr 15 21:54:52 +0530 2011

ActionController::RoutingError (No route matches "/public/images/Dhasthagheer.jpg"):
  

Rendered /usr/lib/ruby/gems/1.8/gems/actionpack-3.0.5/lib/action_dispatch/middleware/templates/rescues/routing_error.erb within rescues/layout (1.0ms)


Started GET "/public/images/Venkat.jpg" for 127.0.0.1 at Fri Apr 15 21:54:52 +0530 2011

ActionController::RoutingError (No route matches "/public/images/Venkat.jpg"):
  

Rendered /usr/lib/ruby/gems/1.8/gems/actionpack-3.0.5/lib/action_dispatch/middleware/templates/rescues/routing_error.erb within rescues/layout (0.8ms)


Started GET "/" for 127.0.0.1 at Fri Apr 15 21:58:10 +0530 2011
  Processing by LocationsController#index as HTML
  [1m[36mLocation Load (0.1ms)[0m  [1mSELECT `locations`.* FROM `locations`[0m
  [1m[35mCACHE (0.0ms)[0m  SELECT `locations`.* FROM `locations`
Rendered /usr/lib/ruby/gems/1.8/gems/gmaps4rails-0.7.5/app/views/gmaps4rails/_gmaps4rails.html.erb (1.6ms)
Rendered locations/index.html.erb within layouts/application (15.0ms)
Completed 200 OK in 54ms (Views: 19.7ms | ActiveRecord: 0.1ms)


Started GET "/stylesheets/gmaps4rails.css" for 127.0.0.1 at Fri Apr 15 21:58:11 +0530 2011


Started GET "/javascripts/gmaps4rails.js" for 127.0.0.1 at Fri Apr 15 21:58:11 +0530 2011


Started GET "/public/images/Rajkumar.S.jpg" for 127.0.0.1 at Fri Apr 15 21:58:12 +0530 2011

ActionController::RoutingError (No route matches "/public/images/Rajkumar.S.jpg"):
  

Rendered /usr/lib/ruby/gems/1.8/gems/actionpack-3.0.5/lib/action_dispatch/middleware/templates/rescues/routing_error.erb within rescues/layout (0.8ms)


Started GET "/public/images/Logeshprabu.jpg" for 127.0.0.1 at Fri Apr 15 21:58:12 +0530 2011

ActionController::RoutingError (No route matches "/public/images/Logeshprabu.jpg"):
  

Rendered /usr/lib/ruby/gems/1.8/gems/actionpack-3.0.5/lib/action_dispatch/middleware/templates/rescues/routing_error.erb within rescues/layout (1.9ms)


Started GET "/public/images/Sathish.jpg" for 127.0.0.1 at Fri Apr 15 21:58:12 +0530 2011

ActionController::RoutingError (No route matches "/public/images/Sathish.jpg"):
  

Rendered /usr/lib/ruby/gems/1.8/gems/actionpack-3.0.5/lib/action_dispatch/middleware/templates/rescues/routing_error.erb within rescues/layout (0.8ms)


Started GET "/public/images/Sanmugam.jpg" for 127.0.0.1 at Fri Apr 15 21:58:12 +0530 2011

ActionController::RoutingError (No route matches "/public/images/Sanmugam.jpg"):
  

Rendered /usr/lib/ruby/gems/1.8/gems/actionpack-3.0.5/lib/action_dispatch/middleware/templates/rescues/routing_error.erb within rescues/layout (0.8ms)


Started GET "/public/images/Dhasthagheer.jpg" for 127.0.0.1 at Fri Apr 15 21:58:12 +0530 2011

ActionController::RoutingError (No route matches "/public/images/Dhasthagheer.jpg"):
  

Rendered /usr/lib/ruby/gems/1.8/gems/actionpack-3.0.5/lib/action_dispatch/middleware/templates/rescues/routing_error.erb within rescues/layout (0.8ms)


Started GET "/public/images/Venkat.jpg" for 127.0.0.1 at Fri Apr 15 21:58:12 +0530 2011

ActionController::RoutingError (No route matches "/public/images/Venkat.jpg"):
  

Rendered /usr/lib/ruby/gems/1.8/gems/actionpack-3.0.5/lib/action_dispatch/middleware/templates/rescues/routing_error.erb within rescues/layout (0.7ms)


Started GET "/" for 127.0.0.1 at Fri Apr 15 21:59:10 +0530 2011
  Processing by LocationsController#index as HTML
  [1m[36mLocation Load (0.1ms)[0m  [1mSELECT `locations`.* FROM `locations`[0m
  [1m[35mCACHE (0.0ms)[0m  SELECT `locations`.* FROM `locations`
Rendered /usr/lib/ruby/gems/1.8/gems/gmaps4rails-0.7.5/app/views/gmaps4rails/_gmaps4rails.html.erb (1.7ms)
Rendered locations/index.html.erb within layouts/application (15.7ms)
Completed 200 OK in 30ms (Views: 20.5ms | ActiveRecord: 0.1ms)


Started GET "/stylesheets/gmaps4rails.css" for 127.0.0.1 at Fri Apr 15 21:59:10 +0530 2011


Started GET "/javascripts/gmaps4rails.js" for 127.0.0.1 at Fri Apr 15 21:59:10 +0530 2011


Started GET "/images/Rajkumar.S.jpg" for 127.0.0.1 at Fri Apr 15 21:59:12 +0530 2011

ActionController::RoutingError (No route matches "/images/Rajkumar.S.jpg"):
  

Rendered /usr/lib/ruby/gems/1.8/gems/actionpack-3.0.5/lib/action_dispatch/middleware/templates/rescues/routing_error.erb within rescues/layout (0.8ms)


Started GET "/images/Logeshprabu.jpg" for 127.0.0.1 at Fri Apr 15 21:59:12 +0530 2011

ActionController::RoutingError (No route matches "/images/Logeshprabu.jpg"):
  

Rendered /usr/lib/ruby/gems/1.8/gems/actionpack-3.0.5/lib/action_dispatch/middleware/templates/rescues/routing_error.erb within rescues/layout (0.8ms)


Started GET "/images/Sathish.jpg" for 127.0.0.1 at Fri Apr 15 21:59:12 +0530 2011

ActionController::RoutingError (No route matches "/images/Sathish.jpg"):
  

Rendered /usr/lib/ruby/gems/1.8/gems/actionpack-3.0.5/lib/action_dispatch/middleware/templates/rescues/routing_error.erb within rescues/layout (0.8ms)


Started GET "/images/Sanmugam.jpg" for 127.0.0.1 at Fri Apr 15 21:59:12 +0530 2011

ActionController::RoutingError (No route matches "/images/Sanmugam.jpg"):
  

Rendered /usr/lib/ruby/gems/1.8/gems/actionpack-3.0.5/lib/action_dispatch/middleware/templates/rescues/routing_error.erb within rescues/layout (0.8ms)


Started GET "/images/Dhasthagheer.jpg" for 127.0.0.1 at Fri Apr 15 21:59:12 +0530 2011

ActionController::RoutingError (No route matches "/images/Dhasthagheer.jpg"):
  

Rendered /usr/lib/ruby/gems/1.8/gems/actionpack-3.0.5/lib/action_dispatch/middleware/templates/rescues/routing_error.erb within rescues/layout (0.9ms)


Started GET "/images/Venkat.jpg" for 127.0.0.1 at Fri Apr 15 21:59:12 +0530 2011

ActionController::RoutingError (No route matches "/images/Venkat.jpg"):
  

Rendered /usr/lib/ruby/gems/1.8/gems/actionpack-3.0.5/lib/action_dispatch/middleware/templates/rescues/routing_error.erb within rescues/layout (1.0ms)


Started GET "/locations/new" for 127.0.0.1 at Fri Apr 15 22:01:48 +0530 2011
  Processing by LocationsController#new as HTML
Rendered locations/_form.html.erb (8.5ms)
Rendered locations/new.html.erb within layouts/application (12.3ms)
Completed 200 OK in 23ms (Views: 17.0ms | ActiveRecord: 0.0ms)


Started POST "/locations" for 127.0.0.1 at Fri Apr 15 22:02:11 +0530 2011
  Processing by LocationsController#create as HTML
  Parameters: {"commit"=>"Create Location", "location"=>{"name"=>"rails", "address"=>"kerala"}, "authenticity_token"=>"nzwIjF/iSPQK7hItHtXVecJvTzuBpqCxiizsJ54Gin0=", "utf8"=>"\342\234\223"}
  [1m[36mSQL (0.1ms)[0m  [1mBEGIN[0m
  [1m[35mSQL (0.4ms)[0m  SHOW TABLES
  [1m[36mSQL (0.6ms)[0m  [1mdescribe `locations`[0m
  [1m[35mAREL (0.2ms)[0m  INSERT INTO `locations` (`updated_at`, `name`, `address`, `longitude`, `created_at`, `latitude`) VALUES ('2011-04-15 16:32:11', 'rails', 'kerala', 76.6412712, '2011-04-15 16:32:11', 10.5143884)
  [1m[36mSQL (2.0ms)[0m  [1mCOMMIT[0m
Redirected to http://localhost:3000/locations/8
Completed 302 Found in 692ms


Started GET "/locations/8" for 127.0.0.1 at Fri Apr 15 22:02:11 +0530 2011
  Processing by LocationsController#show as HTML
  Parameters: {"id"=>"8"}
  [1m[35mLocation Load (0.5ms)[0m  SELECT `locations`.* FROM `locations` WHERE `locations`.`id` = 8 LIMIT 1
Rendered locations/show.html.erb within layouts/application (7.7ms)
Completed 200 OK in 20ms (Views: 12.9ms | ActiveRecord: 0.5ms)


Started GET "/locations" for 127.0.0.1 at Fri Apr 15 22:02:13 +0530 2011
  Processing by LocationsController#index as HTML
  [1m[36mLocation Load (0.5ms)[0m  [1mSELECT `locations`.* FROM `locations`[0m
  [1m[35mCACHE (0.0ms)[0m  SELECT `locations`.* FROM `locations`
Rendered /usr/lib/ruby/gems/1.8/gems/gmaps4rails-0.7.5/app/views/gmaps4rails/_gmaps4rails.html.erb (1.7ms)
Rendered locations/index.html.erb within layouts/application (79.6ms)
Completed 200 OK in 95ms (Views: 84.3ms | ActiveRecord: 0.5ms)


Started GET "/images/Rajkumar.S.jpg" for 127.0.0.1 at Fri Apr 15 22:02:14 +0530 2011

ActionController::RoutingError (No route matches "/images/Rajkumar.S.jpg"):
  

Rendered /usr/lib/ruby/gems/1.8/gems/actionpack-3.0.5/lib/action_dispatch/middleware/templates/rescues/routing_error.erb within rescues/layout (1.0ms)


Started GET "/images/Logeshprabu.jpg" for 127.0.0.1 at Fri Apr 15 22:02:14 +0530 2011

ActionController::RoutingError (No route matches "/images/Logeshprabu.jpg"):
  

Rendered /usr/lib/ruby/gems/1.8/gems/actionpack-3.0.5/lib/action_dispatch/middleware/templates/rescues/routing_error.erb within rescues/layout (0.8ms)


Started GET "/images/Sathish.jpg" for 127.0.0.1 at Fri Apr 15 22:02:14 +0530 2011

ActionController::RoutingError (No route matches "/images/Sathish.jpg"):
  

Rendered /usr/lib/ruby/gems/1.8/gems/actionpack-3.0.5/lib/action_dispatch/middleware/templates/rescues/routing_error.erb within rescues/layout (0.9ms)


Started GET "/images/Sanmugam.jpg" for 127.0.0.1 at Fri Apr 15 22:02:14 +0530 2011

ActionController::RoutingError (No route matches "/images/Sanmugam.jpg"):
  

Rendered /usr/lib/ruby/gems/1.8/gems/actionpack-3.0.5/lib/action_dispatch/middleware/templates/rescues/routing_error.erb within rescues/layout (0.8ms)


Started GET "/images/Dhasthagheer.jpg" for 127.0.0.1 at Fri Apr 15 22:02:14 +0530 2011

ActionController::RoutingError (No route matches "/images/Dhasthagheer.jpg"):
  

Rendered /usr/lib/ruby/gems/1.8/gems/actionpack-3.0.5/lib/action_dispatch/middleware/templates/rescues/routing_error.erb within rescues/layout (1.0ms)


Started GET "/images/Venkat.jpg" for 127.0.0.1 at Fri Apr 15 22:02:14 +0530 2011

ActionController::RoutingError (No route matches "/images/Venkat.jpg"):
  

Rendered /usr/lib/ruby/gems/1.8/gems/actionpack-3.0.5/lib/action_dispatch/middleware/templates/rescues/routing_error.erb within rescues/layout (0.7ms)


Started GET "/images/rails.jpg" for 127.0.0.1 at Fri Apr 15 22:02:14 +0530 2011

ActionController::RoutingError (No route matches "/images/rails.jpg"):
  

Rendered /usr/lib/ruby/gems/1.8/gems/actionpack-3.0.5/lib/action_dispatch/middleware/templates/rescues/routing_error.erb within rescues/layout (0.8ms)


Started GET "/locations" for 127.0.0.1 at Fri Apr 15 22:02:40 +0530 2011
  Processing by LocationsController#index as HTML
  [1m[36mLocation Load (0.1ms)[0m  [1mSELECT `locations`.* FROM `locations`[0m
  [1m[35mCACHE (0.0ms)[0m  SELECT `locations`.* FROM `locations`
Rendered /usr/lib/ruby/gems/1.8/gems/gmaps4rails-0.7.5/app/views/gmaps4rails/_gmaps4rails.html.erb (1.6ms)
Rendered locations/index.html.erb within layouts/application (16.2ms)
Completed 200 OK in 31ms (Views: 20.8ms | ActiveRecord: 0.1ms)


Started GET "/stylesheets/gmaps4rails.css" for 127.0.0.1 at Fri Apr 15 22:02:40 +0530 2011


Started GET "/javascripts/gmaps4rails.js" for 127.0.0.1 at Fri Apr 15 22:02:40 +0530 2011


Started POST "/locations/1" for 127.0.0.1 at Fri Apr 15 22:03:59 +0530 2011
  Processing by LocationsController#destroy as HTML
  Parameters: {"authenticity_token"=>"nzwIjF/iSPQK7hItHtXVecJvTzuBpqCxiizsJ54Gin0=", "id"=>"1"}
  [1m[36mLocation Load (0.3ms)[0m  [1mSELECT `locations`.* FROM `locations` WHERE `locations`.`id` = 1 LIMIT 1[0m
  [1m[35mSQL (0.0ms)[0m  BEGIN
  [1m[36mAREL (0.5ms)[0m  [1mDELETE FROM `locations` WHERE `locations`.`id` = 1[0m
  [1m[35mSQL (1.9ms)[0m  COMMIT
Redirected to http://localhost:3000/locations
Completed 302 Found in 15ms


Started GET "/locations" for 127.0.0.1 at Fri Apr 15 22:03:59 +0530 2011
  Processing by LocationsController#index as HTML
  [1m[36mLocation Load (0.2ms)[0m  [1mSELECT `locations`.* FROM `locations`[0m
  [1m[35mCACHE (0.0ms)[0m  SELECT `locations`.* FROM `locations`
Rendered /usr/lib/ruby/gems/1.8/gems/gmaps4rails-0.7.5/app/views/gmaps4rails/_gmaps4rails.html.erb (1.9ms)
Rendered locations/index.html.erb within layouts/application (15.4ms)
Completed 200 OK in 30ms (Views: 20.4ms | ActiveRecord: 0.2ms)


Started GET "/stylesheets/gmaps4rails.css" for 127.0.0.1 at Fri Apr 15 22:03:59 +0530 2011


Started POST "/locations/2" for 127.0.0.1 at Fri Apr 15 22:04:01 +0530 2011
  Processing by LocationsController#destroy as HTML
  Parameters: {"authenticity_token"=>"nzwIjF/iSPQK7hItHtXVecJvTzuBpqCxiizsJ54Gin0=", "id"=>"2"}
  [1m[36mLocation Load (0.3ms)[0m  [1mSELECT `locations`.* FROM `locations` WHERE `locations`.`id` = 2 LIMIT 1[0m
  [1m[35mSQL (0.0ms)[0m  BEGIN
  [1m[36mAREL (0.3ms)[0m  [1mDELETE FROM `locations` WHERE `locations`.`id` = 2[0m
  [1m[35mSQL (18.5ms)[0m  COMMIT
Redirected to http://localhost:3000/locations
Completed 302 Found in 34ms


Started GET "/locations" for 127.0.0.1 at Fri Apr 15 22:04:01 +0530 2011
  Processing by LocationsController#index as HTML
  [1m[36mLocation Load (0.3ms)[0m  [1mSELECT `locations`.* FROM `locations`[0m
  [1m[35mCACHE (0.0ms)[0m  SELECT `locations`.* FROM `locations`
Rendered /usr/lib/ruby/gems/1.8/gems/gmaps4rails-0.7.5/app/views/gmaps4rails/_gmaps4rails.html.erb (1.7ms)
Rendered locations/index.html.erb within layouts/application (14.3ms)
Completed 200 OK in 30ms (Views: 19.4ms | ActiveRecord: 0.3ms)


Started GET "/stylesheets/gmaps4rails.css" for 127.0.0.1 at Fri Apr 15 22:04:01 +0530 2011


Started POST "/locations/4" for 127.0.0.1 at Fri Apr 15 22:04:03 +0530 2011
  Processing by LocationsController#destroy as HTML
  Parameters: {"authenticity_token"=>"nzwIjF/iSPQK7hItHtXVecJvTzuBpqCxiizsJ54Gin0=", "id"=>"4"}
  [1m[36mLocation Load (0.2ms)[0m  [1mSELECT `locations`.* FROM `locations` WHERE `locations`.`id` = 4 LIMIT 1[0m
  [1m[35mSQL (0.0ms)[0m  BEGIN
  [1m[36mAREL (0.4ms)[0m  [1mDELETE FROM `locations` WHERE `locations`.`id` = 4[0m
  [1m[35mSQL (13.2ms)[0m  COMMIT
Redirected to http://localhost:3000/locations
Completed 302 Found in 27ms


Started GET "/locations" for 127.0.0.1 at Fri Apr 15 22:04:03 +0530 2011
  Processing by LocationsController#index as HTML
  [1m[36mLocation Load (0.4ms)[0m  [1mSELECT `locations`.* FROM `locations`[0m
  [1m[35mCACHE (0.0ms)[0m  SELECT `locations`.* FROM `locations`
Rendered /usr/lib/ruby/gems/1.8/gems/gmaps4rails-0.7.5/app/views/gmaps4rails/_gmaps4rails.html.erb (1.7ms)
Rendered locations/index.html.erb within layouts/application (13.2ms)
Completed 200 OK in 28ms (Views: 18.1ms | ActiveRecord: 0.4ms)


Started GET "/stylesheets/gmaps4rails.css" for 127.0.0.1 at Fri Apr 15 22:04:04 +0530 2011


Started GET "/javascripts/gmaps4rails.js" for 127.0.0.1 at Fri Apr 15 22:04:04 +0530 2011


Started POST "/locations/7" for 127.0.0.1 at Fri Apr 15 22:04:05 +0530 2011
  Processing by LocationsController#destroy as HTML
  Parameters: {"authenticity_token"=>"nzwIjF/iSPQK7hItHtXVecJvTzuBpqCxiizsJ54Gin0=", "id"=>"7"}
  [1m[36mLocation Load (0.2ms)[0m  [1mSELECT `locations`.* FROM `locations` WHERE `locations`.`id` = 7 LIMIT 1[0m
  [1m[35mSQL (0.0ms)[0m  BEGIN
  [1m[36mAREL (0.2ms)[0m  [1mDELETE FROM `locations` WHERE `locations`.`id` = 7[0m
  [1m[35mSQL (19.4ms)[0m  COMMIT
Redirected to http://localhost:3000/locations
Completed 302 Found in 32ms


Started GET "/locations" for 127.0.0.1 at Fri Apr 15 22:04:05 +0530 2011
  Processing by LocationsController#index as HTML
  [1m[36mLocation Load (0.3ms)[0m  [1mSELECT `locations`.* FROM `locations`[0m
  [1m[35mCACHE (0.0ms)[0m  SELECT `locations`.* FROM `locations`
Rendered /usr/lib/ruby/gems/1.8/gems/gmaps4rails-0.7.5/app/views/gmaps4rails/_gmaps4rails.html.erb (2.0ms)
Rendered locations/index.html.erb within layouts/application (12.2ms)
Completed 200 OK in 28ms (Views: 17.3ms | ActiveRecord: 0.3ms)


Started GET "/stylesheets/gmaps4rails.css" for 127.0.0.1 at Fri Apr 15 22:04:06 +0530 2011


Started GET "/javascripts/gmaps4rails.js" for 127.0.0.1 at Fri Apr 15 22:04:06 +0530 2011


Started POST "/locations/3" for 127.0.0.1 at Fri Apr 15 22:04:08 +0530 2011
  Processing by LocationsController#destroy as HTML
  Parameters: {"authenticity_token"=>"nzwIjF/iSPQK7hItHtXVecJvTzuBpqCxiizsJ54Gin0=", "id"=>"3"}
  [1m[36mLocation Load (0.5ms)[0m  [1mSELECT `locations`.* FROM `locations` WHERE `locations`.`id` = 3 LIMIT 1[0m
  [1m[35mSQL (0.1ms)[0m  BEGIN
  [1m[36mAREL (0.2ms)[0m  [1mDELETE FROM `locations` WHERE `locations`.`id` = 3[0m
  [1m[35mSQL (19.6ms)[0m  COMMIT
Redirected to http://localhost:3000/locations
Completed 302 Found in 34ms


Started GET "/locations" for 127.0.0.1 at Fri Apr 15 22:04:08 +0530 2011
  Processing by LocationsController#index as HTML
  [1m[36mLocation Load (0.2ms)[0m  [1mSELECT `locations`.* FROM `locations`[0m
  [1m[35mCACHE (0.0ms)[0m  SELECT `locations`.* FROM `locations`
Rendered /usr/lib/ruby/gems/1.8/gems/gmaps4rails-0.7.5/app/views/gmaps4rails/_gmaps4rails.html.erb (1.7ms)
Rendered locations/index.html.erb within layouts/application (10.0ms)
Completed 200 OK in 26ms (Views: 15.4ms | ActiveRecord: 0.2ms)


Started GET "/stylesheets/gmaps4rails.css" for 127.0.0.1 at Fri Apr 15 22:04:08 +0530 2011


Started GET "/javascripts/gmaps4rails.js" for 127.0.0.1 at Fri Apr 15 22:04:08 +0530 2011


Started POST "/locations/5" for 127.0.0.1 at Fri Apr 15 22:04:15 +0530 2011
  Processing by LocationsController#destroy as HTML
  Parameters: {"authenticity_token"=>"nzwIjF/iSPQK7hItHtXVecJvTzuBpqCxiizsJ54Gin0=", "id"=>"5"}
  [1m[36mLocation Load (0.2ms)[0m  [1mSELECT `locations`.* FROM `locations` WHERE `locations`.`id` = 5 LIMIT 1[0m
  [1m[35mSQL (0.0ms)[0m  BEGIN
  [1m[36mAREL (0.2ms)[0m  [1mDELETE FROM `locations` WHERE `locations`.`id` = 5[0m
  [1m[35mSQL (1.5ms)[0m  COMMIT
Redirected to http://localhost:3000/locations
Completed 302 Found in 14ms


Started GET "/locations" for 127.0.0.1 at Fri Apr 15 22:04:15 +0530 2011
  Processing by LocationsController#index as HTML
  [1m[36mLocation Load (0.4ms)[0m  [1mSELECT `locations`.* FROM `locations`[0m
  [1m[35mCACHE (0.0ms)[0m  SELECT `locations`.* FROM `locations`
Rendered /usr/lib/ruby/gems/1.8/gems/gmaps4rails-0.7.5/app/views/gmaps4rails/_gmaps4rails.html.erb (1.5ms)
Rendered locations/index.html.erb within layouts/application (60.3ms)
Completed 200 OK in 86ms (Views: 76.6ms | ActiveRecord: 0.4ms)


Started GET "/stylesheets/gmaps4rails.css" for 127.0.0.1 at Fri Apr 15 22:04:15 +0530 2011


Started GET "/javascripts/gmaps4rails.js" for 127.0.0.1 at Fri Apr 15 22:04:15 +0530 2011


Started GET "/locations" for 127.0.0.1 at Fri Apr 15 22:04:48 +0530 2011
  Processing by LocationsController#index as HTML
  [1m[36mLocation Load (0.1ms)[0m  [1mSELECT `locations`.* FROM `locations`[0m
  [1m[35mCACHE (0.0ms)[0m  SELECT `locations`.* FROM `locations`
Rendered /usr/lib/ruby/gems/1.8/gems/gmaps4rails-0.7.5/app/views/gmaps4rails/_gmaps4rails.html.erb (1.8ms)
Rendered locations/index.html.erb within layouts/application (8.2ms)
Completed 200 OK in 23ms (Views: 12.9ms | ActiveRecord: 0.1ms)


Started GET "/stylesheets/gmaps4rails.css" for 127.0.0.1 at Fri Apr 15 22:04:48 +0530 2011


Started GET "/javascripts/gmaps4rails.js" for 127.0.0.1 at Fri Apr 15 22:04:48 +0530 2011


Started GET "/locations/new" for 127.0.0.1 at Fri Apr 15 22:05:16 +0530 2011
  Processing by LocationsController#new as HTML
Rendered locations/_form.html.erb (8.6ms)
Rendered locations/new.html.erb within layouts/application (12.3ms)
Completed 200 OK in 24ms (Views: 16.9ms | ActiveRecord: 0.0ms)


Started POST "/locations" for 127.0.0.1 at Fri Apr 15 22:05:41 +0530 2011
  Processing by LocationsController#create as HTML
  Parameters: {"commit"=>"Create Location", "location"=>{"name"=>"Rajkumar.S", "address"=>"Kanchipuram"}, "authenticity_token"=>"nzwIjF/iSPQK7hItHtXVecJvTzuBpqCxiizsJ54Gin0=", "utf8"=>"\342\234\223"}
  [1m[36mSQL (0.1ms)[0m  [1mBEGIN[0m
  [1m[35mSQL (0.6ms)[0m  describe `locations`
  [1m[36mAREL (0.3ms)[0m  [1mINSERT INTO `locations` (`name`, `address`, `created_at`, `longitude`, `updated_at`, `latitude`) VALUES ('Rajkumar.S', 'Kanchipuram', '2011-04-15 16:35:41', 79.7036402, '2011-04-15 16:35:41', 12.8341735)[0m
  [1m[35mSQL (1.7ms)[0m  COMMIT
Redirected to http://localhost:3000/locations/9
Completed 302 Found in 715ms


Started GET "/locations/9" for 127.0.0.1 at Fri Apr 15 22:05:42 +0530 2011
  Processing by LocationsController#show as HTML
  Parameters: {"id"=>"9"}
  [1m[36mLocation Load (0.2ms)[0m  [1mSELECT `locations`.* FROM `locations` WHERE `locations`.`id` = 9 LIMIT 1[0m
Rendered locations/show.html.erb within layouts/application (6.9ms)
Completed 200 OK in 18ms (Views: 11.4ms | ActiveRecord: 0.2ms)


Started GET "/locations" for 127.0.0.1 at Fri Apr 15 22:05:43 +0530 2011
  Processing by LocationsController#index as HTML
  [1m[35mLocation Load (0.3ms)[0m  SELECT `locations`.* FROM `locations`
  [1m[36mCACHE (0.0ms)[0m  [1mSELECT `locations`.* FROM `locations`[0m
Rendered /usr/lib/ruby/gems/1.8/gems/gmaps4rails-0.7.5/app/views/gmaps4rails/_gmaps4rails.html.erb (1.8ms)
Rendered locations/index.html.erb within layouts/application (11.1ms)
Completed 200 OK in 28ms (Views: 16.6ms | ActiveRecord: 0.3ms)


Started GET "/images/Rajkumar.S.png" for 127.0.0.1 at Fri Apr 15 22:05:43 +0530 2011

ActionController::RoutingError (No route matches "/images/Rajkumar.S.png"):
  

Rendered /usr/lib/ruby/gems/1.8/gems/actionpack-3.0.5/lib/action_dispatch/middleware/templates/rescues/routing_error.erb within rescues/layout (1.3ms)


Started GET "/locations" for 127.0.0.1 at Fri Apr 15 22:06:42 +0530 2011
  Processing by LocationsController#index as HTML
  [1m[35mLocation Load (0.1ms)[0m  SELECT `locations`.* FROM `locations`
  [1m[36mCACHE (0.0ms)[0m  [1mSELECT `locations`.* FROM `locations`[0m
Rendered /usr/lib/ruby/gems/1.8/gems/gmaps4rails-0.7.5/app/views/gmaps4rails/_gmaps4rails.html.erb (1.6ms)
Rendered locations/index.html.erb within layouts/application (9.1ms)
Completed 200 OK in 24ms (Views: 14.0ms | ActiveRecord: 0.1ms)


Started GET "/stylesheets/gmaps4rails.css" for 127.0.0.1 at Fri Apr 15 22:06:42 +0530 2011


Started GET "/javascripts/gmaps4rails.js" for 127.0.0.1 at Fri Apr 15 22:06:42 +0530 2011


Started GET "/images/Rajkumar.S.png" for 127.0.0.1 at Fri Apr 15 22:06:43 +0530 2011

ActionController::RoutingError (No route matches "/images/Rajkumar.S.png"):
  

Rendered /usr/lib/ruby/gems/1.8/gems/actionpack-3.0.5/lib/action_dispatch/middleware/templates/rescues/routing_error.erb within rescues/layout (1.0ms)


Started GET "/locations" for 127.0.0.1 at Fri Apr 15 22:07:13 +0530 2011
  Processing by LocationsController#index as HTML
  [1m[35mLocation Load (0.1ms)[0m  SELECT `locations`.* FROM `locations`
  [1m[36mCACHE (0.0ms)[0m  [1mSELECT `locations`.* FROM `locations`[0m
Rendered /usr/lib/ruby/gems/1.8/gems/gmaps4rails-0.7.5/app/views/gmaps4rails/_gmaps4rails.html.erb (1.7ms)
Rendered locations/index.html.erb within layouts/application (9.6ms)
Completed 200 OK in 24ms (Views: 14.1ms | ActiveRecord: 0.1ms)


Started GET "/stylesheets/gmaps4rails.css" for 127.0.0.1 at Fri Apr 15 22:07:13 +0530 2011


Started GET "/javascripts/gmaps4rails.js" for 127.0.0.1 at Fri Apr 15 22:07:13 +0530 2011


Started GET "/images/Rajkumar.S.png" for 127.0.0.1 at Fri Apr 15 22:07:14 +0530 2011

ActionController::RoutingError (No route matches "/images/Rajkumar.S.png"):
  

Rendered /usr/lib/ruby/gems/1.8/gems/actionpack-3.0.5/lib/action_dispatch/middleware/templates/rescues/routing_error.erb within rescues/layout (1.1ms)


Started GET "/locations" for 127.0.0.1 at Fri Apr 15 22:10:42 +0530 2011
  Processing by LocationsController#index as HTML
  [1m[35mLocation Load (0.1ms)[0m  SELECT `locations`.* FROM `locations`
  [1m[36mCACHE (0.0ms)[0m  [1mSELECT `locations`.* FROM `locations`[0m
Rendered /usr/lib/ruby/gems/1.8/gems/gmaps4rails-0.7.5/app/views/gmaps4rails/_gmaps4rails.html.erb (1.9ms)
Rendered locations/index.html.erb within layouts/application (72.2ms)
Completed 200 OK in 87ms (Views: 76.7ms | ActiveRecord: 0.1ms)


Started GET "/stylesheets/gmaps4rails.css" for 127.0.0.1 at Fri Apr 15 22:10:42 +0530 2011


Started GET "/javascripts/gmaps4rails.js" for 127.0.0.1 at Fri Apr 15 22:10:42 +0530 2011


Started GET "/locations/new" for 127.0.0.1 at Fri Apr 15 22:10:57 +0530 2011
  Processing by LocationsController#new as HTML
Rendered locations/_form.html.erb (6.5ms)
Rendered locations/new.html.erb within layouts/application (10.4ms)
Completed 200 OK in 22ms (Views: 16.0ms | ActiveRecord: 0.0ms)


Started POST "/locations" for 127.0.0.1 at Fri Apr 15 22:11:08 +0530 2011
  Processing by LocationsController#create as HTML
  Parameters: {"commit"=>"Create Location", "location"=>{"name"=>"Logeshprabu", "address"=>"Ooty"}, "authenticity_token"=>"nzwIjF/iSPQK7hItHtXVecJvTzuBpqCxiizsJ54Gin0=", "utf8"=>"\342\234\223"}
  [1m[35mSQL (0.1ms)[0m  BEGIN
  [1m[36mSQL (1.3ms)[0m  [1mdescribe `locations`[0m
  [1m[35mAREL (0.3ms)[0m  INSERT INTO `locations` (`latitude`, `created_at`, `updated_at`, `address`, `longitude`, `name`) VALUES (11.411828, '2011-04-15 16:41:08', '2011-04-15 16:41:08', 'Ooty', 76.695356, 'Logeshprabu')
  [1m[36mSQL (10.3ms)[0m  [1mCOMMIT[0m
Redirected to http://localhost:3000/locations/10
Completed 302 Found in 869ms


Started GET "/locations/10" for 127.0.0.1 at Fri Apr 15 22:11:08 +0530 2011
  Processing by LocationsController#show as HTML
  Parameters: {"id"=>"10"}
  [1m[35mLocation Load (0.3ms)[0m  SELECT `locations`.* FROM `locations` WHERE `locations`.`id` = 10 LIMIT 1
Rendered locations/show.html.erb within layouts/application (7.5ms)
Completed 200 OK in 21ms (Views: 13.5ms | ActiveRecord: 0.3ms)


Started GET "/locations" for 127.0.0.1 at Fri Apr 15 22:11:10 +0530 2011
  Processing by LocationsController#index as HTML
  [1m[36mLocation Load (0.3ms)[0m  [1mSELECT `locations`.* FROM `locations`[0m
  [1m[35mCACHE (0.0ms)[0m  SELECT `locations`.* FROM `locations`
Rendered /usr/lib/ruby/gems/1.8/gems/gmaps4rails-0.7.5/app/views/gmaps4rails/_gmaps4rails.html.erb (1.6ms)
Rendered locations/index.html.erb within layouts/application (10.8ms)
Completed 200 OK in 25ms (Views: 15.2ms | ActiveRecord: 0.3ms)


Started GET "/locations/new" for 127.0.0.1 at Fri Apr 15 22:11:13 +0530 2011
  Processing by LocationsController#new as HTML
Rendered locations/_form.html.erb (7.3ms)
Rendered locations/new.html.erb within layouts/application (11.3ms)
Completed 200 OK in 24ms (Views: 16.8ms | ActiveRecord: 0.0ms)


Started POST "/locations" for 127.0.0.1 at Fri Apr 15 22:11:26 +0530 2011
  Processing by LocationsController#create as HTML
  Parameters: {"commit"=>"Create Location", "location"=>{"name"=>"Sanmugam", "address"=>"nammakal"}, "authenticity_token"=>"nzwIjF/iSPQK7hItHtXVecJvTzuBpqCxiizsJ54Gin0=", "utf8"=>"\342\234\223"}
  [1m[36mSQL (0.1ms)[0m  [1mBEGIN[0m
  [1m[35mSQL (0.5ms)[0m  describe `locations`
  [1m[36mAREL (0.3ms)[0m  [1mINSERT INTO `locations` (`updated_at`, `name`, `longitude`, `address`, `created_at`, `latitude`) VALUES ('2011-04-15 16:41:27', 'Sanmugam', 78.1677991, 'nammakal', '2011-04-15 16:41:27', 11.2195098)[0m
  [1m[35mSQL (2.8ms)[0m  COMMIT
Redirected to http://localhost:3000/locations/11
Completed 302 Found in 707ms


Started GET "/locations/11" for 127.0.0.1 at Fri Apr 15 22:11:27 +0530 2011
  Processing by LocationsController#show as HTML
  Parameters: {"id"=>"11"}
  [1m[36mLocation Load (0.3ms)[0m  [1mSELECT `locations`.* FROM `locations` WHERE `locations`.`id` = 11 LIMIT 1[0m
Rendered locations/show.html.erb within layouts/application (7.3ms)
Completed 200 OK in 19ms (Views: 12.5ms | ActiveRecord: 0.3ms)


Started GET "/locations" for 127.0.0.1 at Fri Apr 15 22:11:29 +0530 2011
  Processing by LocationsController#index as HTML
  [1m[35mLocation Load (0.3ms)[0m  SELECT `locations`.* FROM `locations`
  [1m[36mCACHE (0.0ms)[0m  [1mSELECT `locations`.* FROM `locations`[0m
Rendered /usr/lib/ruby/gems/1.8/gems/gmaps4rails-0.7.5/app/views/gmaps4rails/_gmaps4rails.html.erb (1.6ms)
Rendered locations/index.html.erb within layouts/application (11.7ms)
Completed 200 OK in 26ms (Views: 16.3ms | ActiveRecord: 0.3ms)


Started GET "/locations/new" for 127.0.0.1 at Fri Apr 15 22:11:39 +0530 2011
  Processing by LocationsController#new as HTML
Rendered locations/_form.html.erb (8.8ms)
Rendered locations/new.html.erb within layouts/application (12.9ms)
Completed 200 OK in 23ms (Views: 17.5ms | ActiveRecord: 0.0ms)


Started POST "/locations" for 127.0.0.1 at Fri Apr 15 22:11:46 +0530 2011
  Processing by LocationsController#create as HTML
  Parameters: {"commit"=>"Create Location", "location"=>{"name"=>"Dhasthagheer", "address"=>""}, "authenticity_token"=>"nzwIjF/iSPQK7hItHtXVecJvTzuBpqCxiizsJ54Gin0=", "utf8"=>"\342\234\223"}
  [1m[35mSQL (0.1ms)[0m  BEGIN
  [1m[36mSQL (0.0ms)[0m  [1mROLLBACK[0m
Completed   in 14ms

Gmaps4rails::GeocodeInvalidQuery (You must provide an address):
  app/controllers/locations_controller.rb:46
  app/controllers/locations_controller.rb:45:in `create'

Rendered /usr/lib/ruby/gems/1.8/gems/actionpack-3.0.5/lib/action_dispatch/middleware/templates/rescues/_trace.erb (1.2ms)
Rendered /usr/lib/ruby/gems/1.8/gems/actionpack-3.0.5/lib/action_dispatch/middleware/templates/rescues/_request_and_response.erb (8.3ms)
Rendered /usr/lib/ruby/gems/1.8/gems/actionpack-3.0.5/lib/action_dispatch/middleware/templates/rescues/diagnostics.erb within rescues/layout (13.5ms)


Started POST "/locations" for 127.0.0.1 at Fri Apr 15 22:11:57 +0530 2011
  Processing by LocationsController#create as HTML
  Parameters: {"commit"=>"Create Location", "location"=>{"name"=>"Dhasthagheer", "address"=>"madurai"}, "authenticity_token"=>"nzwIjF/iSPQK7hItHtXVecJvTzuBpqCxiizsJ54Gin0=", "utf8"=>"\342\234\223"}
  [1m[35mSQL (0.1ms)[0m  BEGIN
  [1m[36mSQL (0.7ms)[0m  [1mdescribe `locations`[0m
  [1m[35mAREL (0.2ms)[0m  INSERT INTO `locations` (`name`, `updated_at`, `address`, `longitude`, `latitude`, `created_at`) VALUES ('Dhasthagheer', '2011-04-15 16:41:58', 'madurai', 78.121847, 9.915997, '2011-04-15 16:41:58')
  [1m[36mSQL (1.9ms)[0m  [1mCOMMIT[0m
Redirected to http://localhost:3000/locations/12
Completed 302 Found in 651ms


Started GET "/locations/12" for 127.0.0.1 at Fri Apr 15 22:11:58 +0530 2011
  Processing by LocationsController#show as HTML
  Parameters: {"id"=>"12"}
  [1m[35mLocation Load (0.2ms)[0m  SELECT `locations`.* FROM `locations` WHERE `locations`.`id` = 12 LIMIT 1
Rendered locations/show.html.erb within layouts/application (6.8ms)
Completed 200 OK in 18ms (Views: 11.5ms | ActiveRecord: 0.2ms)


Started GET "/locations" for 127.0.0.1 at Fri Apr 15 22:12:00 +0530 2011
  Processing by LocationsController#index as HTML
  [1m[36mLocation Load (0.5ms)[0m  [1mSELECT `locations`.* FROM `locations`[0m
  [1m[35mCACHE (0.0ms)[0m  SELECT `locations`.* FROM `locations`
Rendered /usr/lib/ruby/gems/1.8/gems/gmaps4rails-0.7.5/app/views/gmaps4rails/_gmaps4rails.html.erb (1.8ms)
Rendered locations/index.html.erb within layouts/application (13.4ms)
Completed 200 OK in 27ms (Views: 17.8ms | ActiveRecord: 0.5ms)


Started GET "/locations" for 127.0.0.1 at Fri Apr 15 22:32:01 +0530 2011
  Processing by LocationsController#index as HTML
  [1m[36mLocation Load (0.1ms)[0m  [1mSELECT `locations`.* FROM `locations`[0m
  [1m[35mCACHE (0.0ms)[0m  SELECT `locations`.* FROM `locations`
Rendered /usr/lib/ruby/gems/1.8/gems/gmaps4rails-0.7.5/app/views/gmaps4rails/_gmaps4rails.html.erb (1.7ms)
Rendered /usr/lib/ruby/gems/1.8/gems/gmaps4rails-0.7.5/app/views/gmaps4rails/_gmaps4rails.html.erb (1.6ms)
Rendered locations/index.html.erb within layouts/application (18.6ms)
Completed 200 OK in 35ms (Views: 23.8ms | ActiveRecord: 0.1ms)


Started GET "/stylesheets/gmaps4rails.css" for 127.0.0.1 at Fri Apr 15 22:32:01 +0530 2011


Started GET "/locations" for 127.0.0.1 at Fri Apr 15 22:33:14 +0530 2011
  Processing by LocationsController#index as HTML
  [1m[36mLocation Load (0.1ms)[0m  [1mSELECT `locations`.* FROM `locations`[0m
  [1m[35mCACHE (0.0ms)[0m  SELECT `locations`.* FROM `locations`
Rendered /usr/lib/ruby/gems/1.8/gems/gmaps4rails-0.7.5/app/views/gmaps4rails/_gmaps4rails.html.erb (1.8ms)
Rendered locations/index.html.erb within layouts/application (14.1ms)
Completed 200 OK in 29ms (Views: 18.6ms | ActiveRecord: 0.1ms)


Started GET "/stylesheets/gmaps4rails.css" for 127.0.0.1 at Fri Apr 15 22:33:14 +0530 2011


Started GET "/javascripts/gmaps4rails.js" for 127.0.0.1 at Fri Apr 15 22:33:14 +0530 2011


Started GET "/locations" for 127.0.0.1 at Fri Apr 15 22:34:27 +0530 2011
  Processing by LocationsController#index as HTML
  [1m[36mLocation Load (0.1ms)[0m  [1mSELECT `locations`.* FROM `locations`[0m
  [1m[35mCACHE (0.0ms)[0m  SELECT `locations`.* FROM `locations`
Rendered /usr/lib/ruby/gems/1.8/gems/gmaps4rails-0.7.5/app/views/gmaps4rails/_gmaps4rails.html.erb (1.5ms)
Rendered locations/index.html.erb within layouts/application (13.1ms)
Completed 200 OK in 28ms (Views: 17.9ms | ActiveRecord: 0.1ms)


Started GET "/stylesheets/gmaps4rails.css" for 127.0.0.1 at Fri Apr 15 22:34:27 +0530 2011


Started GET "/javascripts/gmaps4rails.js" for 127.0.0.1 at Fri Apr 15 22:34:27 +0530 2011


Started GET "/locations" for 127.0.0.1 at Fri Apr 15 22:38:00 +0530 2011
  Processing by LocationsController#index as HTML
  [1m[36mLocation Load (0.1ms)[0m  [1mSELECT `locations`.* FROM `locations`[0m
  [1m[35mCACHE (0.0ms)[0m  SELECT `locations`.* FROM `locations`
Rendered /usr/lib/ruby/gems/1.8/gems/gmaps4rails-0.7.5/app/views/gmaps4rails/_gmaps4rails.html.erb (1.8ms)
Rendered locations/index.html.erb within layouts/application (15.2ms)
Completed 200 OK in 33ms (Views: 20.8ms | ActiveRecord: 0.1ms)


Started GET "/stylesheets/gmaps4rails.css" for 127.0.0.1 at Fri Apr 15 22:38:00 +0530 2011


Started GET "/javascripts/gmaps4rails.js" for 127.0.0.1 at Fri Apr 15 22:38:00 +0530 2011


Started GET "/locations/new" for 127.0.0.1 at Fri Apr 15 22:38:35 +0530 2011
  Processing by LocationsController#new as HTML
Rendered locations/_form.html.erb (6.4ms)
Rendered locations/new.html.erb within layouts/application (10.0ms)
Completed 200 OK in 21ms (Views: 15.3ms | ActiveRecord: 0.0ms)


Started POST "/locations" for 127.0.0.1 at Fri Apr 15 22:39:35 +0530 2011
  Processing by LocationsController#create as HTML
  Parameters: {"commit"=>"Create Location", "location"=>{"name"=>"ramu", "address"=>"neyveli"}, "authenticity_token"=>"nzwIjF/iSPQK7hItHtXVecJvTzuBpqCxiizsJ54Gin0=", "utf8"=>"\342\234\223"}
  [1m[36mSQL (0.1ms)[0m  [1mBEGIN[0m
  [1m[35mSQL (0.6ms)[0m  describe `locations`
  [1m[36mAREL (0.2ms)[0m  [1mINSERT INTO `locations` (`latitude`, `name`, `longitude`, `address`, `updated_at`, `created_at`) VALUES (11.60783, 'ramu', 79.491318, 'neyveli', '2011-04-15 17:09:36', '2011-04-15 17:09:36')[0m
  [1m[35mSQL (2.0ms)[0m  COMMIT
Redirected to http://localhost:3000/locations/13
Completed 302 Found in 691ms


Started GET "/locations/13" for 127.0.0.1 at Fri Apr 15 22:39:36 +0530 2011
  Processing by LocationsController#show as HTML
  Parameters: {"id"=>"13"}
  [1m[36mLocation Load (0.2ms)[0m  [1mSELECT `locations`.* FROM `locations` WHERE `locations`.`id` = 13 LIMIT 1[0m
Rendered locations/show.html.erb within layouts/application (8.3ms)
Completed 200 OK in 20ms (Views: 13.1ms | ActiveRecord: 0.2ms)


Started GET "/locations" for 127.0.0.1 at Fri Apr 15 22:39:37 +0530 2011
  Processing by LocationsController#index as HTML
  [1m[35mLocation Load (0.4ms)[0m  SELECT `locations`.* FROM `locations`
  [1m[36mCACHE (0.0ms)[0m  [1mSELECT `locations`.* FROM `locations`[0m
Rendered /usr/lib/ruby/gems/1.8/gems/gmaps4rails-0.7.5/app/views/gmaps4rails/_gmaps4rails.html.erb (1.9ms)
Rendered locations/index.html.erb within layouts/application (17.8ms)
Completed 200 OK in 99ms (Views: 23.1ms | ActiveRecord: 0.4ms)


Started GET "/images/ramu.png" for 127.0.0.1 at Fri Apr 15 22:39:37 +0530 2011

ActionController::RoutingError (No route matches "/images/ramu.png"):
  

Rendered /usr/lib/ruby/gems/1.8/gems/actionpack-3.0.5/lib/action_dispatch/middleware/templates/rescues/routing_error.erb within rescues/layout (1.0ms)


Started GET "/locations" for 127.0.0.1 at Fri Apr 15 22:40:12 +0530 2011
  Processing by LocationsController#index as HTML
  [1m[35mLocation Load (0.2ms)[0m  SELECT `locations`.* FROM `locations`
  [1m[36mCACHE (0.0ms)[0m  [1mSELECT `locations`.* FROM `locations`[0m
Rendered /usr/lib/ruby/gems/1.8/gems/gmaps4rails-0.7.5/app/views/gmaps4rails/_gmaps4rails.html.erb (1.6ms)
Rendered locations/index.html.erb within layouts/application (14.7ms)
Completed 200 OK in 30ms (Views: 19.4ms | ActiveRecord: 0.2ms)


Started GET "/stylesheets/gmaps4rails.css" for 127.0.0.1 at Fri Apr 15 22:40:12 +0530 2011


Started GET "/javascripts/gmaps4rails.js" for 127.0.0.1 at Fri Apr 15 22:40:12 +0530 2011


Started GET "/locations/new" for 127.0.0.1 at Fri Apr 15 22:40:59 +0530 2011
  Processing by LocationsController#new as HTML
Rendered locations/_form.html.erb (6.6ms)
Rendered locations/new.html.erb within layouts/application (10.3ms)
Completed 200 OK in 21ms (Views: 15.0ms | ActiveRecord: 0.0ms)


Started POST "/locations" for 127.0.0.1 at Fri Apr 15 22:41:57 +0530 2011
  Processing by LocationsController#create as HTML
  Parameters: {"commit"=>"Create Location", "location"=>{"name"=>"somu", "address"=>"anna nagar, chennai"}, "authenticity_token"=>"nzwIjF/iSPQK7hItHtXVecJvTzuBpqCxiizsJ54Gin0=", "utf8"=>"\342\234\223"}
  [1m[35mSQL (0.1ms)[0m  BEGIN
  [1m[36mSQL (0.8ms)[0m  [1mdescribe `locations`[0m
  [1m[35mAREL (0.2ms)[0m  INSERT INTO `locations` (`address`, `updated_at`, `latitude`, `name`, `created_at`, `longitude`) VALUES ('anna nagar, chennai', '2011-04-15 17:11:58', 12.9660707, 'somu', '2011-04-15 17:11:58', 80.2314343)
  [1m[36mSQL (3.1ms)[0m  [1mCOMMIT[0m
Redirected to http://localhost:3000/locations/14
Completed 302 Found in 611ms


Started GET "/locations/14" for 127.0.0.1 at Fri Apr 15 22:41:58 +0530 2011
  Processing by LocationsController#show as HTML
  Parameters: {"id"=>"14"}
  [1m[35mLocation Load (0.2ms)[0m  SELECT `locations`.* FROM `locations` WHERE `locations`.`id` = 14 LIMIT 1
Rendered locations/show.html.erb within layouts/application (7.3ms)
Completed 200 OK in 18ms (Views: 11.9ms | ActiveRecord: 0.2ms)


Started GET "/locations" for 127.0.0.1 at Fri Apr 15 22:42:00 +0530 2011
  Processing by LocationsController#index as HTML
  [1m[36mLocation Load (0.3ms)[0m  [1mSELECT `locations`.* FROM `locations`[0m
  [1m[35mCACHE (0.0ms)[0m  SELECT `locations`.* FROM `locations`
Rendered /usr/lib/ruby/gems/1.8/gems/gmaps4rails-0.7.5/app/views/gmaps4rails/_gmaps4rails.html.erb (1.9ms)
Rendered locations/index.html.erb within layouts/application (18.4ms)
Completed 200 OK in 35ms (Views: 23.5ms | ActiveRecord: 0.3ms)


Started GET "/locations" for 127.0.0.1 at Fri Apr 15 22:43:08 +0530 2011
  Processing by LocationsController#index as HTML
  [1m[36mLocation Load (0.1ms)[0m  [1mSELECT `locations`.* FROM `locations`[0m
  [1m[35mCACHE (0.0ms)[0m  SELECT `locations`.* FROM `locations`
Rendered /usr/lib/ruby/gems/1.8/gems/gmaps4rails-0.7.5/app/views/gmaps4rails/_gmaps4rails.html.erb (2.0ms)
Rendered locations/index.html.erb within layouts/application (17.0ms)
Completed 200 OK in 33ms (Views: 22.0ms | ActiveRecord: 0.1ms)


Started GET "/stylesheets/gmaps4rails.css" for 127.0.0.1 at Fri Apr 15 22:43:08 +0530 2011


Started GET "/locations" for 127.0.0.1 at Fri Apr 15 22:43:37 +0530 2011
  Processing by LocationsController#index as HTML
  [1m[36mLocation Load (0.1ms)[0m  [1mSELECT `locations`.* FROM `locations`[0m
  [1m[35mCACHE (0.0ms)[0m  SELECT `locations`.* FROM `locations`
Rendered /usr/lib/ruby/gems/1.8/gems/gmaps4rails-0.7.5/app/views/gmaps4rails/_gmaps4rails.html.erb (1.6ms)
Rendered locations/index.html.erb within layouts/application (16.0ms)
Completed 200 OK in 31ms (Views: 20.7ms | ActiveRecord: 0.1ms)


Started GET "/stylesheets/gmaps4rails.css" for 127.0.0.1 at Fri Apr 15 22:43:37 +0530 2011


Started GET "/stylesheets/gmaps4rails.css" for 127.0.0.1 at Fri Apr 15 22:43:37 +0530 2011


Started GET "/javascripts/gmaps4rails.js" for 127.0.0.1 at Fri Apr 15 22:43:37 +0530 2011


Started GET "/locations/11/edit" for 127.0.0.1 at Fri Apr 15 22:43:54 +0530 2011
  Processing by LocationsController#edit as HTML
  Parameters: {"id"=>"11"}
  [1m[36mLocation Load (0.2ms)[0m  [1mSELECT `locations`.* FROM `locations` WHERE `locations`.`id` = 11 LIMIT 1[0m
Rendered locations/_form.html.erb (9.1ms)
Rendered locations/edit.html.erb within layouts/application (14.7ms)
Completed 200 OK in 92ms (Views: 21.2ms | ActiveRecord: 0.2ms)


Started GET "/locations" for 127.0.0.1 at Fri Apr 15 22:43:58 +0530 2011
  Processing by LocationsController#index as HTML
  [1m[35mLocation Load (0.6ms)[0m  SELECT `locations`.* FROM `locations`
  [1m[36mCACHE (0.0ms)[0m  [1mSELECT `locations`.* FROM `locations`[0m
Rendered /usr/lib/ruby/gems/1.8/gems/gmaps4rails-0.7.5/app/views/gmaps4rails/_gmaps4rails.html.erb (1.8ms)
Rendered locations/index.html.erb within layouts/application (17.9ms)
Completed 200 OK in 34ms (Views: 22.6ms | ActiveRecord: 0.6ms)


Started GET "/locations" for 127.0.0.1 at Fri Apr 15 22:47:03 +0530 2011
  Processing by LocationsController#index as HTML
  [1m[35mLocation Load (0.1ms)[0m  SELECT `locations`.* FROM `locations`
  [1m[36mCACHE (0.0ms)[0m  [1mSELECT `locations`.* FROM `locations`[0m
Rendered /usr/lib/ruby/gems/1.8/gems/gmaps4rails-0.7.5/app/views/gmaps4rails/_gmaps4rails.html.erb (1.6ms)
Rendered locations/index.html.erb within layouts/application (17.2ms)
Completed 200 OK in 33ms (Views: 22.0ms | ActiveRecord: 0.1ms)


Started GET "/stylesheets/gmaps4rails.css" for 127.0.0.1 at Fri Apr 15 22:47:03 +0530 2011


Started GET "/javascripts/gmaps4rails.js" for 127.0.0.1 at Fri Apr 15 22:47:03 +0530 2011
